<?xml version="1.0" encoding="UTF-8"?>
<robot generator="Robot 5.0.1 (Python 3.10.4 on win32)" generated="20230210 15:51:24.637" rpa="false" schemaversion="3">
<suite id="s1" name="Suites">
<suite id="s1-s1" name="Tax2" source="D:\Catalog\Tests\paratesting\Tax2.robot">
<test id="s1-s1-t1" name="TC-02-Get All" line="8">
<kw name="KW-Get all Tax" library="TaxKW">
<kw name="Get All Tax" library="Tax">
<var>${get_all_tax}</var>
<msg timestamp="20230210 15:51:50.111" level="INFO" html="true">About to Execute https://rel422.tmbmarble.com/catalog-management/v1/tax API</msg>
<msg timestamp="20230210 15:52:07.149" level="INFO" html="true">[{"id":"pmqasae","name":"EditTax_AutoUI","displayName":"Tax for PO","taxType":"GovtTax","taxCategory":"Standard","externalID":"Ext082","definesExemption":false,"taxRate":120.0,"taxAmount":{"unit":"Pound","value":140.0},"additionalAttributes":[{"name":"EditTaxui","value":"10","valueType":"Number"}],"createdOn":"2023-02-10T03:49:20.793Z","createdBy":"rel_admin","lastUpdate":"2023-02-10T03:50:10.291Z","lastUpdatedBy":"rel_admin","validFor":{"endDateTime":"2099-02-24T03:48:00.000Z","startDateTime":"2023-02-10T03:48:00.000Z"}},{"id":"test_tax_clone-tx_3sq0k1b","name":"Test_TAX_CLONE","displayName":"Test_TAX","taxType":"GovtTax","taxCategory":"Luxury","externalID":"Ext1","definesExemption":true,"taxRate":10.0,"taxAmount":{"unit":"Dollar","value":12.0},"additionalAttributes":[{"name":"Discount","value":"10","valueType":"Number"}],"createdOn":"2023-02-09T18:56:48.450Z","createdBy":"dummy_test_designer","lastUpdate":"2023-02-09T18:56:48.450Z","lastUpdatedBy":"dummy_test_designer","validFor":{"endDateTime":"2099-02-09T18:55:37.465Z","startDateTime":"2023-02-09T18:55:37.465Z"}},{"id":"test_tax-tx_q7vi778","name":"Test_TAX_EDIT","displayName":"Test_TAX","taxType":"GovtTax","taxCategory":"Luxury","externalID":"Ext1","definesExemption":true,"taxRate":10.0,"taxAmount":{"unit":"Dollar","value":12.0},"additionalAttributes":[{"name":"Discount","value":"10","valueType":"Number"}],"createdOn":"2023-02-09T18:45:10.570Z","createdBy":"dummy_test_designer","lastUpdate":"2023-02-09T18:53:55.930Z","lastUpdatedBy":"dummy_test_designer","validFor":{"endDateTime":"2099-02-09T18:42:28.069Z","startDateTime":"2023-02-09T18:42:28.068Z"}},{"id":"kl4uyy5","name":"EditTax_AutoUI","displayName":"Tax for PO","taxType":"GovtTax","taxCategory":"Standard","externalID":"Ext082","definesExemption":false,"taxRate":120.0,"taxAmount":{"unit":"Pound","value":140.02},"additionalAttributes":[{"name":"Taxui","value":"10","valueType":"Number"}],"createdOn":"2023-02-09T14:29:04.182Z","createdBy":"rel_admin","lastUpdate":"2023-02-09T14:29:58.288Z","lastUpdatedBy":"rel_admin","validFor":{"endDateTime":"2099-02-20T14:28:00.000Z","startDateTime":"2023-02-09T14:28:00.000Z"}},{"id":"zxhqcrc","name":"EditTax_AutoUI","displayName":"Tax for PO","taxType":"GovtTax","taxCategory":"Standard","externalID":"Ext082","definesExemption":false,"taxRate":120.0,"taxAmount":{"unit":"Pound","value":140.0202},"additionalAttributes":[{"name":"Taxui","value":"10","valueType":"Number"}],"createdOn":"2023-02-09T14:03:58.774Z","createdBy":"rel_admin","lastUpdate":"2023-02-09T14:06:19.846Z","lastUpdatedBy":"rel_admin","validFor":{"endDateTime":"2099-02-20T14:02:00.000Z","startDateTime":"2023-02-09T14:02:00.000Z"}},{"id":"tax_automationtest-tx_qehde3o","name":"Tax_Automationtest","taxType":"GST","taxCategory":"Indian","definesExemption":false,"taxRate":20.0,"taxAmount":{"unit":"inr","value":10.0},"createdOn":"2023-02-08T13:52:10.769Z","createdBy":"rel_admin","lastUpdate":"2023-02-08T13:52:10.769Z","lastUpdatedBy":"rel_admin","validFor":{"endDateTime":"2025-12-22T12:14:14.118Z","startDateTime":"2025-12-22T12:14:14.118Z"}},{"id":"tax_automationtest-tx_r7pij2o","name":"Tax_Automationtest","taxType":"GST","taxCategory":"Indian","definesExemption":false,"taxRate":20.0,"taxAmount":{"unit":"inr","value":10.0},"createdOn":"2023-02-08T11:40:25.181Z","createdBy":"rel_admin","lastUpdate":"2023-02-08T11:40:25.181Z","lastUpdatedBy":"rel_admin","validFor":{"endDateTime":"2025-12-22T12:14:14.118Z","startDateTime":"2025-12-22T12:14:14.118Z"}},{"id":"tax_automationtest-tx_3w7g1n8","name":"Tax_Automationtest","taxType":"GST","taxCategory":"Indian","definesExemption":false,"taxRate":20.0,"taxAmount":{"unit":"inr","value":10.0},"createdOn":"2023-02-08T08:44:06.187Z","createdBy":"rel_admin","lastUpdate":"2023-02-08T08:44:06.187Z","lastUpdatedBy":"rel_admin","validFor":{"endDateTime":"2025-12-22T12:14:14.118Z","startDateTime":"2025-12-22T12:14:14.118Z"}},{"id":"tax_automationtest-tx_c039jq1","name":"Tax_Automationtest","taxType":"GST","taxCategory":"Indian","definesExemption":false,"taxRate":20.0,"taxAmount":{"unit":"inr","value":10.0},"createdOn":"2023-02-07T10:28:40.922Z","createdBy":"rel_admin","lastUpdate":"2023-02-07T10:28:40.922Z","lastUpdatedBy":"rel_admin","validFor":{"endDateTime":"2025-12-22T12:14:14.118Z","startDateTime":"2025-12-22T12:14:14.118Z"}},{"id":"tax_automationtest-tx_hq5x7on","name":"Tax_Automationtest","taxType":"GST","taxCategory":"Indian","definesExemption":false,"taxRate":20.0,"taxAmount":{"unit":"inr","value":10.0},"createdOn":"2023-02-07T08:32:53.356Z","createdBy":"rel_admin","lastUpdate":"2023-02-07T08:32:53.356Z","lastUpdatedBy":"rel_admin","validFor":{"endDateTime":"2025-12-22T12:14:14.118Z","startDateTime":"2025-12-22T12:14:14.118Z"}},{"id":"test_001-tx_xk78ce5","name":"Test_001","taxType":"GovtTax","taxCategory":"Luxury","externalID":"Ext","definesExemption":true,"taxRate":10.0,"createdOn":"2023-02-03T09:29:42.858Z","createdBy":"rel_admin","lastUpdate":"2023-02-03T09:29:42.858Z","lastUpdatedBy":"rel_admin","validFor":{"endDateTime":"2099-02-03T09:28:13.448Z","startDateTime":"2023-02-03T09:28:13.447Z"}},{"id":"tax_automationtest-tx_inudjrr","name":"Tax_Automationtest","taxType":"GST","taxCategory":"Indian","definesExemption":false,"taxRate":20.0,"taxAmount":{"unit":"inr","value":10.0},"createdOn":"2023-02-01T12:20:24.036Z","createdBy":"rel_admin","lastUpdate":"2023-02-01T12:20:24.036Z","lastUpdatedBy":"rel_admin","validFor":{"endDateTime":"2025-12-22T12:14:14.118Z","startDateTime":"2025-12-22T12:14:14.118Z"}},{"id":"tax_automationtest-tx_8cf9amo","name":"Tax_Automationtest","taxType":"GST","taxCategory":"Indian","definesExemption":false,"taxRate":20.0,"taxAmount":{"unit":"inr","value":10.0},"createdOn":"2023-02-01T12:17:46.952Z","createdBy":"rel_admin","lastUpdate":"2023-02-01T12:17:46.952Z","lastUpdatedBy":"rel_admin","validFor":{"endDateTime":"2025-12-22T12:14:14.118Z","startDateTime":"2025-12-22T12:14:14.118Z"}},{"id":"tax_automationtest-tx_qlkvr2w","name":"Tax_Automationtest","taxType":"GST","taxCategory":"Indian","definesExemption":false,"taxRate":20.0,"taxAmount":{"unit":"inr","value":10.0},"createdOn":"2023-02-01T11:35:21.336Z","createdBy":"rel_admin","lastUpdate":"2023-02-01T11:35:21.336Z","lastUpdatedBy":"rel_admin","validFor":{"endDateTime":"2025-12-22T12:14:14.118Z","startDateTime":"2025-12-22T12:14:14.118Z"}},{"id":"tax_automationtest-tx_le0hax4","name":"Tax_Automationtest","taxType":"GST","taxCategory":"Indian","definesExemption":false,"taxRate":20.0,"taxAmount":{"unit":"inr","value":10.0},"createdOn":"2023-02-01T11:29:35.409Z","createdBy":"rel_admin","lastUpdate":"2023-02-01T11:29:35.409Z","lastUpdatedBy":"rel_admin","validFor":{"endDateTime":"2025-12-22T12:14:14.118Z","startDateTime":"2025-12-22T12:14:14.118Z"}},{"id":"new_tax","name":"New_Tax","displayName":"New_Tax","taxType":"GovtTax","taxCategory":"Standard","externalID":"Ext1","definesExemption":false,"taxRate":10.0,"taxAmount":{"unit":"Dollar","value":5.0},"additionalAttributes":[{"name":"Discount11","value":"15","valueType":"Number"}],"createdOn":"2023-01-31T11:12:16.881Z","createdBy":"rel_admin","lastUpdate":"2023-01-31T11:12:16.881Z","lastUpdatedBy":"rel_admin","validFor":{"endDateTime":"2099-01-31T11:10:33.847Z","startDateTime":"2023-01-31T11:10:33.847Z"}},{"id":"dummytax-tx_jb23r","name":"dummytax","displayName":"dummytax","taxType":"GST","taxCategory":"VAT","externalID":"Ext1","definesExemption":false,"taxRate":11.0,"taxAmount":{"unit":"Dollar","value":10.0},"additionalAttributes":[{"name":"Discount1","value":"10","valueType":"List"}],"createdOn":"2022-12-20T12:36:58.824Z","createdBy":"rel_admin","lastUpdate":"2023-01-31T11:08:29.631Z","lastUpdatedBy":"rel_admin","validFor":{"endDateTime":"2099-09-19T05:12:51.568Z","startDateTime":"2022-09-19T06:14:47.191Z"}},{"id":"test001-tx_cvfuicd","name":"Test001","displayName":"Test001","taxType":"GovtTax","taxCategory":"Luxury","externalID":"Ext1","definesExemption":true,"taxAmount":{"unit":"Dollar","value":15.0},"additionalAttributes":[{"name":"Test001","value":"5","valueType":"Number"}],"createdOn":"2023-01-30T17:02:04.548Z","createdBy":"rel_admin","lastUpdate":"2023-01-30T17:02:04.548Z","lastUpdatedBy":"rel_admin","validFor":{"endDateTime":"2099-01-30T17:01:02.319Z","startDateTime":"2023-01-30T17:01:02.319Z"}},{"id":"test001","name":"Test001","displayName":"Test001","taxType":"GovtTax","taxCategory":"Luxury","externalID":"Ext1","definesExemption":true,"taxAmount":{"unit":"Dollar","value":15.0},"additionalAttributes":[{"name":"Test001","value":"5","valueType":"Number"}],"createdOn":"2023-01-30T16:59:06.866Z","createdBy":"rel_admin","lastUpdate":"2023-01-30T17:00:10.852Z","lastUpdatedBy":"rel_admin","validFor":{"endDateTime":"2099-01-30T16:57:27.829Z","startDateTime":"2023-01-30T16:57:27.829Z"}},{"id":"tax_automationtest-tx_oc4c2jo","name":"Tax_Automationtest","taxType":"GST","taxCategory":"Indian","definesExemption":false,"taxRate":20.0,"taxAmount":{"unit":"inr","value":10.0},"createdOn":"2023-01-30T11:59:33.237Z","createdBy":"rel_admin","lastUpdate":"2023-01-30T11:59:33.237Z","lastUpdatedBy":"rel_admin","validFor":{"endDateTime":"2025-12-22T12:14:14.118Z","startDateTime":"2025-12-22T12:14:14.118Z"}}]</msg>
<msg timestamp="20230210 15:52:07.151" level="INFO">${get_all_tax} = &lt;Response [206]&gt;</msg>
<status status="PASS" starttime="20230210 15:51:50.111" endtime="20230210 15:52:07.151"/>
</kw>
<kw name="Should Be Equal" library="BuiltIn">
<arg>${get_all_tax.status_code}</arg>
<arg>${206}</arg>
<doc>Fails if the given objects are unequal.</doc>
<status status="PASS" starttime="20230210 15:52:07.152" endtime="20230210 15:52:07.156"/>
</kw>
<status status="PASS" starttime="20230210 15:51:50.109" endtime="20230210 15:52:07.157"/>
</kw>
<status status="PASS" starttime="20230210 15:51:50.107" endtime="20230210 15:52:07.157"/>
</test>
<test id="s1-s1-t2" name="TC-03-Get Tax By Filters" line="11">
<kw name="KW-Get Tax By Filters" library="TaxKW">
<kw name="Get Tax By Filters" library="Tax">
<var>${get_response}</var>
<arg>taxCategory=Indian</arg>
<msg timestamp="20230210 15:52:07.162" level="INFO">/catalog-management/v1/tax/search?filters=taxCategory=Indian</msg>
<msg timestamp="20230210 15:52:07.164" level="INFO" html="true">About to Execute https://rel422.tmbmarble.com/catalog-management/v1/tax/search?filters=taxCategory=Indian API</msg>
<msg timestamp="20230210 15:52:15.312" level="INFO" html="true">[{"id":"tax_automationtest-tx_fd9ue4f","name":"Tax_Automationtestupdated","taxType":"GST","taxCategory":"Indian","definesExemption":false,"taxRate":20.0,"taxAmount":{"unit":"inr","value":50.0},"createdOn":"2023-02-10T10:22:06.743Z","createdBy":"rel_admin","lastUpdate":"2023-02-10T10:22:12.927Z","lastUpdatedBy":"rel_admin","validFor":{"endDateTime":"2025-12-22T12:14:14.118Z","startDateTime":"2025-12-22T12:14:14.118Z"}},{"id":"tax_automationtest-tx_qehde3o","name":"Tax_Automationtest","taxType":"GST","taxCategory":"Indian","definesExemption":false,"taxRate":20.0,"taxAmount":{"unit":"inr","value":10.0},"createdOn":"2023-02-08T13:52:10.769Z","createdBy":"rel_admin","lastUpdate":"2023-02-08T13:52:10.769Z","lastUpdatedBy":"rel_admin","validFor":{"endDateTime":"2025-12-22T12:14:14.118Z","startDateTime":"2025-12-22T12:14:14.118Z"}},{"id":"tax_automationtest-tx_r7pij2o","name":"Tax_Automationtest","taxType":"GST","taxCategory":"Indian","definesExemption":false,"taxRate":20.0,"taxAmount":{"unit":"inr","value":10.0},"createdOn":"2023-02-08T11:40:25.181Z","createdBy":"rel_admin","lastUpdate":"2023-02-08T11:40:25.181Z","lastUpdatedBy":"rel_admin","validFor":{"endDateTime":"2025-12-22T12:14:14.118Z","startDateTime":"2025-12-22T12:14:14.118Z"}},{"id":"tax_automationtest-tx_3w7g1n8","name":"Tax_Automationtest","taxType":"GST","taxCategory":"Indian","definesExemption":false,"taxRate":20.0,"taxAmount":{"unit":"inr","value":10.0},"createdOn":"2023-02-08T08:44:06.187Z","createdBy":"rel_admin","lastUpdate":"2023-02-08T08:44:06.187Z","lastUpdatedBy":"rel_admin","validFor":{"endDateTime":"2025-12-22T12:14:14.118Z","startDateTime":"2025-12-22T12:14:14.118Z"}},{"id":"tax_automationtest-tx_c039jq1","name":"Tax_Automationtest","taxType":"GST","taxCategory":"Indian","definesExemption":false,"taxRate":20.0,"taxAmount":{"unit":"inr","value":10.0},"createdOn":"2023-02-07T10:28:40.922Z","createdBy":"rel_admin","lastUpdate":"2023-02-07T10:28:40.922Z","lastUpdatedBy":"rel_admin","validFor":{"endDateTime":"2025-12-22T12:14:14.118Z","startDateTime":"2025-12-22T12:14:14.118Z"}},{"id":"tax_automationtest-tx_hq5x7on","name":"Tax_Automationtest","taxType":"GST","taxCategory":"Indian","definesExemption":false,"taxRate":20.0,"taxAmount":{"unit":"inr","value":10.0},"createdOn":"2023-02-07T08:32:53.356Z","createdBy":"rel_admin","lastUpdate":"2023-02-07T08:32:53.356Z","lastUpdatedBy":"rel_admin","validFor":{"endDateTime":"2025-12-22T12:14:14.118Z","startDateTime":"2025-12-22T12:14:14.118Z"}},{"id":"tax_automationtest-tx_inudjrr","name":"Tax_Automationtest","taxType":"GST","taxCategory":"Indian","definesExemption":false,"taxRate":20.0,"taxAmount":{"unit":"inr","value":10.0},"createdOn":"2023-02-01T12:20:24.036Z","createdBy":"rel_admin","lastUpdate":"2023-02-01T12:20:24.036Z","lastUpdatedBy":"rel_admin","validFor":{"endDateTime":"2025-12-22T12:14:14.118Z","startDateTime":"2025-12-22T12:14:14.118Z"}},{"id":"tax_automationtest-tx_8cf9amo","name":"Tax_Automationtest","taxType":"GST","taxCategory":"Indian","definesExemption":false,"taxRate":20.0,"taxAmount":{"unit":"inr","value":10.0},"createdOn":"2023-02-01T12:17:46.952Z","createdBy":"rel_admin","lastUpdate":"2023-02-01T12:17:46.952Z","lastUpdatedBy":"rel_admin","validFor":{"endDateTime":"2025-12-22T12:14:14.118Z","startDateTime":"2025-12-22T12:14:14.118Z"}},{"id":"tax_automationtest-tx_qlkvr2w","name":"Tax_Automationtest","taxType":"GST","taxCategory":"Indian","definesExemption":false,"taxRate":20.0,"taxAmount":{"unit":"inr","value":10.0},"createdOn":"2023-02-01T11:35:21.336Z","createdBy":"rel_admin","lastUpdate":"2023-02-01T11:35:21.336Z","lastUpdatedBy":"rel_admin","validFor":{"endDateTime":"2025-12-22T12:14:14.118Z","startDateTime":"2025-12-22T12:14:14.118Z"}},{"id":"tax_automationtest-tx_le0hax4","name":"Tax_Automationtest","taxType":"GST","taxCategory":"Indian","definesExemption":false,"taxRate":20.0,"taxAmount":{"unit":"inr","value":10.0},"createdOn":"2023-02-01T11:29:35.409Z","createdBy":"rel_admin","lastUpdate":"2023-02-01T11:29:35.409Z","lastUpdatedBy":"rel_admin","validFor":{"endDateTime":"2025-12-22T12:14:14.118Z","startDateTime":"2025-12-22T12:14:14.118Z"}},{"id":"tax_automationtest-tx_oc4c2jo","name":"Tax_Automationtest","taxType":"GST","taxCategory":"Indian","definesExemption":false,"taxRate":20.0,"taxAmount":{"unit":"inr","value":10.0},"createdOn":"2023-01-30T11:59:33.237Z","createdBy":"rel_admin","lastUpdate":"2023-01-30T11:59:33.237Z","lastUpdatedBy":"rel_admin","validFor":{"endDateTime":"2025-12-22T12:14:14.118Z","startDateTime":"2025-12-22T12:14:14.118Z"}},{"id":"tax_automationtest-tx_ckhztmc","name":"Tax_Automationtest","taxType":"GST","taxCategory":"Indian","definesExemption":false,"taxRate":20.0,"taxAmount":{"unit":"inr","value":10.0},"createdOn":"2023-01-30T10:26:22.573Z","createdBy":"rel_admin","lastUpdate":"2023-01-30T10:26:22.573Z","lastUpdatedBy":"rel_admin","validFor":{"endDateTime":"2025-12-22T12:14:14.118Z","startDateTime":"2025-12-22T12:14:14.118Z"}},{"id":"tax_automationtest-tx_rd1day7","name":"Tax_Automationtest","taxType":"GST","taxCategory":"Indian","definesExemption":false,"taxRate":20.0,"taxAmount":{"unit":"inr","value":10.0},"createdOn":"2023-01-30T10:09:20.552Z","createdBy":"rel_admin","lastUpdate":"2023-01-30T10:09:20.552Z","lastUpdatedBy":"rel_admin","validFor":{"endDateTime":"2025-12-22T12:14:14.118Z","startDateTime":"2025-12-22T12:14:14.118Z"}},{"id":"tax_automationtest-tx_s6pewjy","name":"Tax_Automationtest","taxType":"GST","taxCategory":"Indian","definesExemption":false,"taxRate":20.0,"taxAmount":{"unit":"inr","value":10.0},"createdOn":"2023-01-30T10:01:46.773Z","createdBy":"rel_admin","lastUpdate":"2023-01-30T10:01:46.773Z","lastUpdatedBy":"rel_admin","validFor":{"endDateTime":"2025-12-22T12:14:14.118Z","startDateTime":"2025-12-22T12:14:14.118Z"}},{"id":"tax_automationtest-tx_s6uhwgw","name":"Tax_Automationtest","taxType":"GST","taxCategory":"Indian","definesExemption":false,"taxRate":20.0,"taxAmount":{"unit":"inr","value":10.0},"createdOn":"2023-01-30T09:15:21.322Z","createdBy":"rel_admin","lastUpdate":"2023-01-30T09:15:21.322Z","lastUpdatedBy":"rel_admin","validFor":{"endDateTime":"2025-12-22T12:14:14.118Z","startDateTime":"2025-12-22T12:14:14.118Z"}},{"id":"tax_automationtest-tx_cl030zi","name":"Tax_Automationtest","taxType":"GST","taxCategory":"Indian","definesExemption":false,"taxRate":20.0,"taxAmount":{"unit":"inr","value":10.0},"createdOn":"2023-01-30T09:08:15.723Z","createdBy":"rel_admin","lastUpdate":"2023-01-30T09:08:15.723Z","lastUpdatedBy":"rel_admin","validFor":{"endDateTime":"2025-12-22T12:14:14.118Z","startDateTime":"2025-12-22T12:14:14.118Z"}},{"id":"tax_automationtest-tx_g8y0qqp","name":"Tax_Automationtest","taxType":"GST","taxCategory":"Indian","definesExemption":false,"taxRate":20.0,"taxAmount":{"unit":"inr","value":10.0},"createdOn":"2023-01-30T05:42:52.328Z","createdBy":"rel_admin","lastUpdate":"2023-01-30T05:42:52.328Z","lastUpdatedBy":"rel_admin","validFor":{"endDateTime":"2025-12-22T12:14:14.118Z","startDateTime":"2025-12-22T12:14:14.118Z"}},{"id":"tax_automationtest-tx_unrldzg","name":"Tax_Automationtest","taxType":"GST","taxCategory":"Indian","definesExemption":false,"taxRate":20.0,"taxAmount":{"unit":"inr","value":10.0},"createdOn":"2023-01-30T05:26:01.996Z","createdBy":"rel_admin","lastUpdate":"2023-01-30T05:26:01.996Z","lastUpdatedBy":"rel_admin","validFor":{"endDateTime":"2025-12-22T12:14:14.118Z","startDateTime":"2025-12-22T12:14:14.118Z"}}]</msg>
<msg timestamp="20230210 15:52:15.313" level="INFO">${get_response} = &lt;Response [200]&gt;</msg>
<status status="PASS" starttime="20230210 15:52:07.162" endtime="20230210 15:52:15.313"/>
</kw>
<kw name="Log To Console" library="BuiltIn">
<arg>${get_response.text}</arg>
<doc>Logs the given message to the console.</doc>
<status status="PASS" starttime="20230210 15:52:15.314" endtime="20230210 15:52:15.318"/>
</kw>
<kw name="Should Be Equal" library="BuiltIn">
<arg>${get_response.status_code}</arg>
<arg>${200}</arg>
<doc>Fails if the given objects are unequal.</doc>
<status status="PASS" starttime="20230210 15:52:15.319" endtime="20230210 15:52:15.328"/>
</kw>
<kw name="Get Tax By Filters" library="Tax">
<var>${get_response}</var>
<arg>taxType=GST</arg>
<msg timestamp="20230210 15:52:15.331" level="INFO">/catalog-management/v1/tax/search?filters=taxType=GST</msg>
<msg timestamp="20230210 15:52:15.331" level="INFO" html="true">About to Execute https://rel422.tmbmarble.com/catalog-management/v1/tax/search?filters=taxType=GST API</msg>
<msg timestamp="20230210 15:52:29.224" level="INFO" html="true">[{"id":"tax_automationtest-tx_qehde3o","name":"Tax_Automationtest","taxType":"GST","taxCategory":"Indian","definesExemption":false,"taxRate":20.0,"taxAmount":{"unit":"inr","value":10.0},"createdOn":"2023-02-08T13:52:10.769Z","createdBy":"rel_admin","lastUpdate":"2023-02-08T13:52:10.769Z","lastUpdatedBy":"rel_admin","validFor":{"endDateTime":"2025-12-22T12:14:14.118Z","startDateTime":"2025-12-22T12:14:14.118Z"}},{"id":"tax_automationtest-tx_r7pij2o","name":"Tax_Automationtest","taxType":"GST","taxCategory":"Indian","definesExemption":false,"taxRate":20.0,"taxAmount":{"unit":"inr","value":10.0},"createdOn":"2023-02-08T11:40:25.181Z","createdBy":"rel_admin","lastUpdate":"2023-02-08T11:40:25.181Z","lastUpdatedBy":"rel_admin","validFor":{"endDateTime":"2025-12-22T12:14:14.118Z","startDateTime":"2025-12-22T12:14:14.118Z"}},{"id":"tax_automationtest-tx_3w7g1n8","name":"Tax_Automationtest","taxType":"GST","taxCategory":"Indian","definesExemption":false,"taxRate":20.0,"taxAmount":{"unit":"inr","value":10.0},"createdOn":"2023-02-08T08:44:06.187Z","createdBy":"rel_admin","lastUpdate":"2023-02-08T08:44:06.187Z","lastUpdatedBy":"rel_admin","validFor":{"endDateTime":"2025-12-22T12:14:14.118Z","startDateTime":"2025-12-22T12:14:14.118Z"}},{"id":"tax_automationtest-tx_c039jq1","name":"Tax_Automationtest","taxType":"GST","taxCategory":"Indian","definesExemption":false,"taxRate":20.0,"taxAmount":{"unit":"inr","value":10.0},"createdOn":"2023-02-07T10:28:40.922Z","createdBy":"rel_admin","lastUpdate":"2023-02-07T10:28:40.922Z","lastUpdatedBy":"rel_admin","validFor":{"endDateTime":"2025-12-22T12:14:14.118Z","startDateTime":"2025-12-22T12:14:14.118Z"}},{"id":"tax_automationtest-tx_hq5x7on","name":"Tax_Automationtest","taxType":"GST","taxCategory":"Indian","definesExemption":false,"taxRate":20.0,"taxAmount":{"unit":"inr","value":10.0},"createdOn":"2023-02-07T08:32:53.356Z","createdBy":"rel_admin","lastUpdate":"2023-02-07T08:32:53.356Z","lastUpdatedBy":"rel_admin","validFor":{"endDateTime":"2025-12-22T12:14:14.118Z","startDateTime":"2025-12-22T12:14:14.118Z"}},{"id":"tax_automationtest-tx_inudjrr","name":"Tax_Automationtest","taxType":"GST","taxCategory":"Indian","definesExemption":false,"taxRate":20.0,"taxAmount":{"unit":"inr","value":10.0},"createdOn":"2023-02-01T12:20:24.036Z","createdBy":"rel_admin","lastUpdate":"2023-02-01T12:20:24.036Z","lastUpdatedBy":"rel_admin","validFor":{"endDateTime":"2025-12-22T12:14:14.118Z","startDateTime":"2025-12-22T12:14:14.118Z"}},{"id":"tax_automationtest-tx_8cf9amo","name":"Tax_Automationtest","taxType":"GST","taxCategory":"Indian","definesExemption":false,"taxRate":20.0,"taxAmount":{"unit":"inr","value":10.0},"createdOn":"2023-02-01T12:17:46.952Z","createdBy":"rel_admin","lastUpdate":"2023-02-01T12:17:46.952Z","lastUpdatedBy":"rel_admin","validFor":{"endDateTime":"2025-12-22T12:14:14.118Z","startDateTime":"2025-12-22T12:14:14.118Z"}},{"id":"tax_automationtest-tx_qlkvr2w","name":"Tax_Automationtest","taxType":"GST","taxCategory":"Indian","definesExemption":false,"taxRate":20.0,"taxAmount":{"unit":"inr","value":10.0},"createdOn":"2023-02-01T11:35:21.336Z","createdBy":"rel_admin","lastUpdate":"2023-02-01T11:35:21.336Z","lastUpdatedBy":"rel_admin","validFor":{"endDateTime":"2025-12-22T12:14:14.118Z","startDateTime":"2025-12-22T12:14:14.118Z"}},{"id":"tax_automationtest-tx_le0hax4","name":"Tax_Automationtest","taxType":"GST","taxCategory":"Indian","definesExemption":false,"taxRate":20.0,"taxAmount":{"unit":"inr","value":10.0},"createdOn":"2023-02-01T11:29:35.409Z","createdBy":"rel_admin","lastUpdate":"2023-02-01T11:29:35.409Z","lastUpdatedBy":"rel_admin","validFor":{"endDateTime":"2025-12-22T12:14:14.118Z","startDateTime":"2025-12-22T12:14:14.118Z"}},{"id":"dummytax-tx_jb23r","name":"dummytax","displayName":"dummytax","taxType":"GST","taxCategory":"VAT","externalID":"Ext1","definesExemption":false,"taxRate":11.0,"taxAmount":{"unit":"Dollar","value":10.0},"additionalAttributes":[{"name":"Discount1","value":"10","valueType":"List"}],"createdOn":"2022-12-20T12:36:58.824Z","createdBy":"rel_admin","lastUpdate":"2023-01-31T11:08:29.631Z","lastUpdatedBy":"rel_admin","validFor":{"endDateTime":"2099-09-19T05:12:51.568Z","startDateTime":"2022-09-19T06:14:47.191Z"}},{"id":"tax_automationtest-tx_oc4c2jo","name":"Tax_Automationtest","taxType":"GST","taxCategory":"Indian","definesExemption":false,"taxRate":20.0,"taxAmount":{"unit":"inr","value":10.0},"createdOn":"2023-01-30T11:59:33.237Z","createdBy":"rel_admin","lastUpdate":"2023-01-30T11:59:33.237Z","lastUpdatedBy":"rel_admin","validFor":{"endDateTime":"2025-12-22T12:14:14.118Z","startDateTime":"2025-12-22T12:14:14.118Z"}},{"id":"tax_automationtest-tx_ckhztmc","name":"Tax_Automationtest","taxType":"GST","taxCategory":"Indian","definesExemption":false,"taxRate":20.0,"taxAmount":{"unit":"inr","value":10.0},"createdOn":"2023-01-30T10:26:22.573Z","createdBy":"rel_admin","lastUpdate":"2023-01-30T10:26:22.573Z","lastUpdatedBy":"rel_admin","validFor":{"endDateTime":"2025-12-22T12:14:14.118Z","startDateTime":"2025-12-22T12:14:14.118Z"}},{"id":"tax_automationtest-tx_rd1day7","name":"Tax_Automationtest","taxType":"GST","taxCategory":"Indian","definesExemption":false,"taxRate":20.0,"taxAmount":{"unit":"inr","value":10.0},"createdOn":"2023-01-30T10:09:20.552Z","createdBy":"rel_admin","lastUpdate":"2023-01-30T10:09:20.552Z","lastUpdatedBy":"rel_admin","validFor":{"endDateTime":"2025-12-22T12:14:14.118Z","startDateTime":"2025-12-22T12:14:14.118Z"}},{"id":"tax_automationtest-tx_s6pewjy","name":"Tax_Automationtest","taxType":"GST","taxCategory":"Indian","definesExemption":false,"taxRate":20.0,"taxAmount":{"unit":"inr","value":10.0},"createdOn":"2023-01-30T10:01:46.773Z","createdBy":"rel_admin","lastUpdate":"2023-01-30T10:01:46.773Z","lastUpdatedBy":"rel_admin","validFor":{"endDateTime":"2025-12-22T12:14:14.118Z","startDateTime":"2025-12-22T12:14:14.118Z"}},{"id":"tax_automationtest-tx_s6uhwgw","name":"Tax_Automationtest","taxType":"GST","taxCategory":"Indian","definesExemption":false,"taxRate":20.0,"taxAmount":{"unit":"inr","value":10.0},"createdOn":"2023-01-30T09:15:21.322Z","createdBy":"rel_admin","lastUpdate":"2023-01-30T09:15:21.322Z","lastUpdatedBy":"rel_admin","validFor":{"endDateTime":"2025-12-22T12:14:14.118Z","startDateTime":"2025-12-22T12:14:14.118Z"}},{"id":"tax_automationtest-tx_cl030zi","name":"Tax_Automationtest","taxType":"GST","taxCategory":"Indian","definesExemption":false,"taxRate":20.0,"taxAmount":{"unit":"inr","value":10.0},"createdOn":"2023-01-30T09:08:15.723Z","createdBy":"rel_admin","lastUpdate":"2023-01-30T09:08:15.723Z","lastUpdatedBy":"rel_admin","validFor":{"endDateTime":"2025-12-22T12:14:14.118Z","startDateTime":"2025-12-22T12:14:14.118Z"}},{"id":"cloneregretax-tx_urs5j","name":"cloneregreTax-EDIT","displayName":"regreTax-EDIT","taxType":"GST","taxCategory":"Standard","externalID":"ext89","definesExemption":false,"taxRate":4.0,"taxAmount":{"unit":"Dollar","value":14.0},"additionalAttributes":[{"name":"tax1","value":"12","valueType":"List"}],"createdOn":"2022-12-20T12:36:58.824Z","createdBy":"rel_admin","lastUpdate":"2023-01-30T06:57:45.342Z","lastUpdatedBy":"rel_admin","validFor":{"endDateTime":"2099-09-19T05:15:08.590Z","startDateTime":"2022-09-19T06:15:08.589Z"}},{"id":"tax_automationtest-tx_g8y0qqp","name":"Tax_Automationtest","taxType":"GST","taxCategory":"Indian","definesExemption":false,"taxRate":20.0,"taxAmount":{"unit":"inr","value":10.0},"createdOn":"2023-01-30T05:42:52.328Z","createdBy":"rel_admin","lastUpdate":"2023-01-30T05:42:52.328Z","lastUpdatedBy":"rel_admin","validFor":{"endDateTime":"2025-12-22T12:14:14.118Z","startDateTime":"2025-12-22T12:14:14.118Z"}},{"id":"tax_automationtest-tx_unrldzg","name":"Tax_Automationtest","taxType":"GST","taxCategory":"Indian","definesExemption":false,"taxRate":20.0,"taxAmount":{"unit":"inr","value":10.0},"createdOn":"2023-01-30T05:26:01.996Z","createdBy":"rel_admin","lastUpdate":"2023-01-30T05:26:01.996Z","lastUpdatedBy":"rel_admin","validFor":{"endDateTime":"2025-12-22T12:14:14.118Z","startDateTime":"2025-12-22T12:14:14.118Z"}},{"id":"test_tax_3","name":"Test_TAX_3","displayName":"Test_TAX_3","taxType":"GST","taxCategory":"Luxuxry","externalID":"Ext1","definesExemption":true,"taxAmount":{"unit":"Euro","value":15.0},"additionalAttributes":[{"name":"Discount4","value":"5","valueType":"Number"}],"createdOn":"2022-12-20T12:36:56.922Z","createdBy":"rel_admin","lastUpdate":"2022-12-20T14:24:18.448Z","lastUpdatedBy":"rel_admin","validFor":{"endDateTime":"2099-11-16T06:38:38.720Z","startDateTime":"2022-11-16T06:38:38.720Z"}}]</msg>
<msg timestamp="20230210 15:52:29.226" level="INFO">${get_response} = &lt;Response [206]&gt;</msg>
<status status="PASS" starttime="20230210 15:52:15.329" endtime="20230210 15:52:29.226"/>
</kw>
<kw name="Log To Console" library="BuiltIn">
<arg>${get_response.text}</arg>
<doc>Logs the given message to the console.</doc>
<status status="PASS" starttime="20230210 15:52:29.227" endtime="20230210 15:52:29.230"/>
</kw>
<kw name="Should Be Equal" library="BuiltIn">
<arg>${get_response.status_code}</arg>
<arg>${206}</arg>
<doc>Fails if the given objects are unequal.</doc>
<status status="PASS" starttime="20230210 15:52:29.230" endtime="20230210 15:52:29.234"/>
</kw>
<status status="PASS" starttime="20230210 15:52:07.160" endtime="20230210 15:52:29.235"/>
</kw>
<status status="PASS" starttime="20230210 15:52:07.158" endtime="20230210 15:52:29.235"/>
</test>
<status status="PASS" starttime="20230210 15:51:24.734" endtime="20230210 15:52:29.237"/>
</suite>
<status status="PASS" starttime="20230210 15:51:24.681" endtime="20230210 15:52:29.239"/>
</suite>
<statistics>
<total>
<stat pass="2" fail="0" skip="0">All Tests</stat>
</total>
<tag>
</tag>
<suite>
<stat pass="2" fail="0" skip="0" id="s1" name="Suites">Suites</stat>
<stat pass="2" fail="0" skip="0" id="s1-s1" name="Tax2">Suites.Tax2</stat>
</suite>
</statistics>
<errors>
</errors>
</robot>
