<?xml version="1.0" encoding="UTF-8"?>
<robot generator="Rebot 5.0.1 (Python 3.10.4 on win32)" generated="20230210 15:52:29.931" rpa="false" schemaversion="3">
<suite id="s1" name="Suites">
<suite id="s1-s1" name="Tax" source="D:\Catalog\Tests\paratesting\Tax.robot">
<test id="s1-s1-t1" name="TC-01-Create Tax" line="7">
<kw name="KW-Create Tax" library="TaxKW">
<kw name="Create Tax" library="Tax">
<var>${create_response}</var>
<arg>${create_tax_json}</arg>
<msg timestamp="20230210 15:51:51.391" level="INFO" html="true">About to Execute https://rel422.tmbmarble.com/catalog-management/v1/tax API</msg>
<msg timestamp="20230210 15:51:51.391" level="INFO" html="true">{"name": "Tax_Automationtest", "taxAmount": {"unit": "inr", "value": 10}, "taxCategory": "Indian", "taxRate": 20, "taxType": "GST", "validFor": {"endDateTime": "2025-12-22T12:14:14.118Z", "startDateTime": "2025-12-22T12:14:14.118Z"}}</msg>
<msg timestamp="20230210 15:51:58.820" level="INFO" html="true">{"id":"tax_automationtest-tx_fd9ue4f","name":"Tax_Automationtest","taxType":"GST","taxCategory":"Indian","definesExemption":false,"taxRate":20.0,"taxAmount":{"unit":"inr","value":10.0},"createdOn":"2023-02-10T10:22:06.743Z","createdBy":"rel_admin","lastUpdate":"2023-02-10T10:22:06.743Z","lastUpdatedBy":"rel_admin","validFor":{"endDateTime":"2025-12-22T12:14:14.118Z","startDateTime":"2025-12-22T12:14:14.118Z"}}</msg>
<msg timestamp="20230210 15:51:58.821" level="INFO">${create_response} = &lt;Response [201]&gt;</msg>
<status status="PASS" starttime="20230210 15:51:51.390" endtime="20230210 15:51:58.821"/>
</kw>
<kw name="Log To Console" library="BuiltIn">
<arg>${create_response.text}</arg>
<doc>Logs the given message to the console.</doc>
<status status="PASS" starttime="20230210 15:51:58.821" endtime="20230210 15:51:58.829"/>
</kw>
<kw name="Should Be Equal" library="BuiltIn">
<arg>${create_response.status_code}</arg>
<arg>${201}</arg>
<doc>Fails if the given objects are unequal.</doc>
<status status="PASS" starttime="20230210 15:51:58.830" endtime="20230210 15:51:58.833"/>
</kw>
<kw name="Convert String to JSON" library="JSONLibrary">
<var>${create_response_body}</var>
<arg>${create_response.text}</arg>
<doc>Convert String to JSON object</doc>
<msg timestamp="20230210 15:51:58.836" level="INFO">${create_response_body} = {'id': 'tax_automationtest-tx_fd9ue4f', 'name': 'Tax_Automationtest', 'taxType': 'GST', 'taxCategory': 'Indian', 'definesExemption': False, 'taxRate': 20.0, 'taxAmount': {'unit': 'inr', 'value': 10.0}...</msg>
<status status="PASS" starttime="20230210 15:51:58.834" endtime="20230210 15:51:58.836"/>
</kw>
<kw name="Log To Console" library="BuiltIn">
<arg>${create_response_body}</arg>
<doc>Logs the given message to the console.</doc>
<status status="PASS" starttime="20230210 15:51:58.836" endtime="20230210 15:51:58.838"/>
</kw>
<kw name="Set Variable" library="BuiltIn">
<var>${tax_id}</var>
<arg>${create_response_body['id']}</arg>
<doc>Returns the given values which can then be assigned to a variables.</doc>
<msg timestamp="20230210 15:51:58.840" level="INFO">${tax_id} = tax_automationtest-tx_fd9ue4f</msg>
<status status="PASS" starttime="20230210 15:51:58.838" endtime="20230210 15:51:58.840"/>
</kw>
<kw name="Set Variable" library="BuiltIn">
<var>${tax_name}</var>
<arg>${create_response_body['name']}</arg>
<doc>Returns the given values which can then be assigned to a variables.</doc>
<msg timestamp="20230210 15:51:58.844" level="INFO">${tax_name} = Tax_Automationtest</msg>
<status status="PASS" starttime="20230210 15:51:58.842" endtime="20230210 15:51:58.845"/>
</kw>
<kw name="Set Variable" library="BuiltIn">
<var>${tax_rate}</var>
<arg>${create_response_body['taxRate']}</arg>
<doc>Returns the given values which can then be assigned to a variables.</doc>
<msg timestamp="20230210 15:51:58.846" level="INFO">${tax_rate} = 20.0</msg>
<status status="PASS" starttime="20230210 15:51:58.845" endtime="20230210 15:51:58.846"/>
</kw>
<kw name="Set Variable" library="BuiltIn">
<var>${tax_type}</var>
<arg>${create_response_body['taxType']}</arg>
<doc>Returns the given values which can then be assigned to a variables.</doc>
<msg timestamp="20230210 15:51:58.850" level="INFO">${tax_type} = GST</msg>
<status status="PASS" starttime="20230210 15:51:58.848" endtime="20230210 15:51:58.850"/>
</kw>
<kw name="Set Variable" library="BuiltIn">
<var>${tax_category}</var>
<arg>${create_response_body['taxCategory']}</arg>
<doc>Returns the given values which can then be assigned to a variables.</doc>
<msg timestamp="20230210 15:51:58.854" level="INFO">${tax_category} = Indian</msg>
<status status="PASS" starttime="20230210 15:51:58.851" endtime="20230210 15:51:58.855"/>
</kw>
<kw name="Set Variable" library="BuiltIn">
<var>${tax_amountunit}</var>
<arg>${create_response_body['taxAmount']['unit']}</arg>
<doc>Returns the given values which can then be assigned to a variables.</doc>
<msg timestamp="20230210 15:51:58.858" level="INFO">${tax_amountunit} = inr</msg>
<status status="PASS" starttime="20230210 15:51:58.855" endtime="20230210 15:51:58.858"/>
</kw>
<kw name="Set Variable" library="BuiltIn">
<var>${tax_amountvalue}</var>
<arg>${create_response_body['taxAmount']['value']}</arg>
<doc>Returns the given values which can then be assigned to a variables.</doc>
<msg timestamp="20230210 15:51:58.862" level="INFO">${tax_amountvalue} = 10.0</msg>
<status status="PASS" starttime="20230210 15:51:58.859" endtime="20230210 15:51:58.862"/>
</kw>
<kw name="Log To Console" library="BuiltIn">
<arg>${tax_name}</arg>
<doc>Logs the given message to the console.</doc>
<status status="PASS" starttime="20230210 15:51:58.863" endtime="20230210 15:51:58.864"/>
</kw>
<kw name="Log To Console" library="BuiltIn">
<arg>${tax_id}</arg>
<doc>Logs the given message to the console.</doc>
<status status="PASS" starttime="20230210 15:51:58.865" endtime="20230210 15:51:58.866"/>
</kw>
<kw name="Create List" library="BuiltIn">
<var>@{Data_Check}</var>
<arg>${tax_name}</arg>
<arg>${tax_type}</arg>
<arg>${tax_category}</arg>
<doc>Returns a list containing given items.</doc>
<msg timestamp="20230210 15:51:58.867" level="INFO">@{Data_Check} = [ Tax_Automationtest | GST | Indian ]</msg>
<status status="PASS" starttime="20230210 15:51:58.866" endtime="20230210 15:51:58.867"/>
</kw>
<kw name="DB Search Tax" library="Tax">
<arg>${Data_Check}</arg>
<arg>tax</arg>
<arg>_id</arg>
<arg>${tax_id}</arg>
<arg>${tax_amountvalue}</arg>
<arg>${tax_amountunit}</arg>
<arg>${tax_rate}</arg>
<msg timestamp="20230210 15:51:58.869" level="INFO" html="true">Data to check ['catalog_agg_projection']</msg>
<msg timestamp="20230210 15:51:58.869" level="INFO">['Tax_Automationtest', 'GST', 'Indian']</msg>
<msg timestamp="20230210 15:52:01.805" level="INFO" html="true">Tax_Automationtest found for in catalog_agg_projection in DB</msg>
<msg timestamp="20230210 15:52:01.806" level="INFO" html="true">GST found for in catalog_agg_projection in DB</msg>
<msg timestamp="20230210 15:52:01.806" level="INFO" html="true">Indian found for in catalog_agg_projection in DB</msg>
<status status="PASS" starttime="20230210 15:51:58.868" endtime="20230210 15:52:01.807"/>
</kw>
<kw name="Update Tax" library="Tax">
<var>${update_response}</var>
<arg>${update_tax_json}</arg>
<arg>${tax_id}</arg>
<msg timestamp="20230210 15:52:01.808" level="INFO" html="true">About to Execute https://rel422.tmbmarble.com/catalog-management/v1/tax API</msg>
<msg timestamp="20230210 15:52:01.808" level="INFO" html="true">{"name": "Tax_Automationtestupdated", "taxAmount": {"unit": "inr", "value": 50}, "taxCategory": "Indian", "taxRate": 20, "taxType": "GST", "validFor": {"endDateTime": "2025-12-22T12:14:14.118Z", "startDateTime": "2025-12-22T12:14:14.118Z"}, "id": "tax_automationtest-tx_fd9ue4f"}</msg>
<msg timestamp="20230210 15:52:05.059" level="INFO" html="true">{"id":"tax_automationtest-tx_fd9ue4f","name":"Tax_Automationtestupdated","taxType":"GST","taxCategory":"Indian","definesExemption":false,"taxRate":20.0,"taxAmount":{"unit":"inr","value":50.0},"lastUpdate":"2023-02-10T10:22:12.927Z","lastUpdatedBy":"rel_admin","validFor":{"endDateTime":"2025-12-22T12:14:14.118Z","startDateTime":"2025-12-22T12:14:14.118Z"}}</msg>
<msg timestamp="20230210 15:52:05.060" level="INFO">${update_response} = &lt;Response [200]&gt;</msg>
<status status="PASS" starttime="20230210 15:52:01.807" endtime="20230210 15:52:05.060"/>
</kw>
<kw name="Log To Console" library="BuiltIn">
<arg>${update_response.text}</arg>
<doc>Logs the given message to the console.</doc>
<status status="PASS" starttime="20230210 15:52:05.060" endtime="20230210 15:52:05.064"/>
</kw>
<kw name="Should Be Equal" library="BuiltIn">
<arg>${update_response.status_code}</arg>
<arg>${200}</arg>
<doc>Fails if the given objects are unequal.</doc>
<status status="PASS" starttime="20230210 15:52:05.065" endtime="20230210 15:52:05.068"/>
</kw>
<kw name="Convert String to JSON" library="JSONLibrary">
<var>${update_response_body}</var>
<arg>${update_response.text}</arg>
<doc>Convert String to JSON object</doc>
<msg timestamp="20230210 15:52:05.071" level="INFO">${update_response_body} = {'id': 'tax_automationtest-tx_fd9ue4f', 'name': 'Tax_Automationtestupdated', 'taxType': 'GST', 'taxCategory': 'Indian', 'definesExemption': False, 'taxRate': 20.0, 'taxAmount': {'unit': 'inr', 'value'...</msg>
<status status="PASS" starttime="20230210 15:52:05.068" endtime="20230210 15:52:05.071"/>
</kw>
<kw name="Log To Console" library="BuiltIn">
<arg>${update_response_body}</arg>
<doc>Logs the given message to the console.</doc>
<status status="PASS" starttime="20230210 15:52:05.071" endtime="20230210 15:52:05.073"/>
</kw>
<kw name="Set Variable" library="BuiltIn">
<var>${utax_id}</var>
<arg>${update_response_body['id']}</arg>
<doc>Returns the given values which can then be assigned to a variables.</doc>
<msg timestamp="20230210 15:52:05.075" level="INFO">${utax_id} = tax_automationtest-tx_fd9ue4f</msg>
<status status="PASS" starttime="20230210 15:52:05.073" endtime="20230210 15:52:05.075"/>
</kw>
<kw name="Set Variable" library="BuiltIn">
<var>${utax_name}</var>
<arg>${update_response_body['name']}</arg>
<doc>Returns the given values which can then be assigned to a variables.</doc>
<msg timestamp="20230210 15:52:05.076" level="INFO">${utax_name} = Tax_Automationtestupdated</msg>
<status status="PASS" starttime="20230210 15:52:05.075" endtime="20230210 15:52:05.076"/>
</kw>
<kw name="Set Variable" library="BuiltIn">
<var>${utax_rate}</var>
<arg>${update_response_body['taxRate']}</arg>
<doc>Returns the given values which can then be assigned to a variables.</doc>
<msg timestamp="20230210 15:52:05.078" level="INFO">${utax_rate} = 20.0</msg>
<status status="PASS" starttime="20230210 15:52:05.077" endtime="20230210 15:52:05.079"/>
</kw>
<kw name="Set Variable" library="BuiltIn">
<var>${utax_type}</var>
<arg>${update_response_body['taxType']}</arg>
<doc>Returns the given values which can then be assigned to a variables.</doc>
<msg timestamp="20230210 15:52:05.080" level="INFO">${utax_type} = GST</msg>
<status status="PASS" starttime="20230210 15:52:05.079" endtime="20230210 15:52:05.080"/>
</kw>
<kw name="Set Variable" library="BuiltIn">
<var>${utax_category}</var>
<arg>${update_response_body['taxCategory']}</arg>
<doc>Returns the given values which can then be assigned to a variables.</doc>
<msg timestamp="20230210 15:52:05.082" level="INFO">${utax_category} = Indian</msg>
<status status="PASS" starttime="20230210 15:52:05.081" endtime="20230210 15:52:05.082"/>
</kw>
<kw name="Set Variable" library="BuiltIn">
<var>${utax_amountunit}</var>
<arg>${update_response_body['taxAmount']['unit']}</arg>
<doc>Returns the given values which can then be assigned to a variables.</doc>
<msg timestamp="20230210 15:52:05.084" level="INFO">${utax_amountunit} = inr</msg>
<status status="PASS" starttime="20230210 15:52:05.083" endtime="20230210 15:52:05.084"/>
</kw>
<kw name="Set Variable" library="BuiltIn">
<var>${utax_amountvalue}</var>
<arg>${update_response_body['taxAmount']['value']}</arg>
<doc>Returns the given values which can then be assigned to a variables.</doc>
<msg timestamp="20230210 15:52:05.085" level="INFO">${utax_amountvalue} = 50.0</msg>
<status status="PASS" starttime="20230210 15:52:05.084" endtime="20230210 15:52:05.085"/>
</kw>
<kw name="Log To Console" library="BuiltIn">
<arg>${utax_name}</arg>
<doc>Logs the given message to the console.</doc>
<status status="PASS" starttime="20230210 15:52:05.085" endtime="20230210 15:52:05.086"/>
</kw>
<kw name="Create List" library="BuiltIn">
<var>@{Data_Check}</var>
<arg>${utax_name}</arg>
<arg>${utax_type}</arg>
<arg>${utax_category}</arg>
<doc>Returns a list containing given items.</doc>
<msg timestamp="20230210 15:52:05.086" level="INFO">@{Data_Check} = [ Tax_Automationtestupdated | GST | Indian ]</msg>
<status status="PASS" starttime="20230210 15:52:05.086" endtime="20230210 15:52:05.086"/>
</kw>
<kw name="DB Search Tax" library="Tax">
<arg>${Data_Check}</arg>
<arg>tax</arg>
<arg>_id</arg>
<arg>${utax_id}</arg>
<arg>${utax_amountvalue}</arg>
<arg>${utax_amountunit}</arg>
<arg>${utax_rate}</arg>
<msg timestamp="20230210 15:52:05.087" level="INFO" html="true">Data to check ['catalog_agg_projection']</msg>
<msg timestamp="20230210 15:52:05.087" level="INFO">['Tax_Automationtestupdated', 'GST', 'Indian']</msg>
<msg timestamp="20230210 15:52:11.002" level="INFO" html="true">Tax_Automationtestupdated found for in catalog_agg_projection in DB</msg>
<msg timestamp="20230210 15:52:11.002" level="INFO" html="true">GST found for in catalog_agg_projection in DB</msg>
<msg timestamp="20230210 15:52:11.003" level="INFO" html="true">Indian found for in catalog_agg_projection in DB</msg>
<status status="PASS" starttime="20230210 15:52:05.087" endtime="20230210 15:52:11.003"/>
</kw>
<kw name="Log To Console" library="BuiltIn">
<arg>TAX Value before update is : "${tax_name}"and after update is "${utax_name}"</arg>
<doc>Logs the given message to the console.</doc>
<status status="PASS" starttime="20230210 15:52:11.003" endtime="20230210 15:52:11.005"/>
</kw>
<kw name="Should Not Be Equal" library="BuiltIn">
<arg>${tax_name}</arg>
<arg>${utax_name}</arg>
<doc>Fails if the given objects are equal.</doc>
<status status="PASS" starttime="20230210 15:52:11.005" endtime="20230210 15:52:11.008"/>
</kw>
<kw name="Get Tax By Id" library="Tax">
<var>${get_response}</var>
<arg>${tax_id}</arg>
<msg timestamp="20230210 15:52:11.009" level="INFO" html="true">About to Execute https://rel422.tmbmarble.com/catalog-management/v1/tax/tax_automationtest-tx_fd9ue4f API</msg>
<msg timestamp="20230210 15:52:13.945" level="INFO" html="true">{"id":"tax_automationtest-tx_fd9ue4f","name":"Tax_Automationtestupdated","taxType":"GST","taxCategory":"Indian","definesExemption":false,"taxRate":20.0,"taxAmount":{"unit":"inr","value":50.0},"createdOn":"2023-02-10T10:22:06.743Z","createdBy":"rel_admin","lastUpdate":"2023-02-10T10:22:12.927Z","lastUpdatedBy":"rel_admin","validFor":{"endDateTime":"2025-12-22T12:14:14.118Z","startDateTime":"2025-12-22T12:14:14.118Z"}}</msg>
<msg timestamp="20230210 15:52:13.945" level="INFO">${get_response} = &lt;Response [200]&gt;</msg>
<status status="PASS" starttime="20230210 15:52:11.008" endtime="20230210 15:52:13.946"/>
</kw>
<kw name="Should Be Equal" library="BuiltIn">
<arg>${get_response.status_code}</arg>
<arg>${200}</arg>
<doc>Fails if the given objects are unequal.</doc>
<status status="PASS" starttime="20230210 15:52:13.946" endtime="20230210 15:52:13.949"/>
</kw>
<kw name="Delete Tax by ID" library="Tax">
<var>${delete_tax}</var>
<arg>${tax_id}</arg>
<msg timestamp="20230210 15:52:13.951" level="INFO" html="true">About to Execute https://rel422.tmbmarble.com/catalog-management/v1/tax/tax_automationtest-tx_fd9ue4f API</msg>
<msg timestamp="20230210 15:52:21.402" level="INFO" html="true"/>
<msg timestamp="20230210 15:52:21.404" level="INFO">${delete_tax} = &lt;Response [204]&gt;</msg>
<status status="PASS" starttime="20230210 15:52:13.950" endtime="20230210 15:52:21.405"/>
</kw>
<kw name="Should Be Equal" library="BuiltIn">
<arg>${delete_tax.status_code}</arg>
<arg>${204}</arg>
<doc>Fails if the given objects are unequal.</doc>
<status status="PASS" starttime="20230210 15:52:21.407" endtime="20230210 15:52:21.415"/>
</kw>
<kw name="Log To Console" library="BuiltIn">
<arg>"Tax Deleted succesfully"</arg>
<doc>Logs the given message to the console.</doc>
<status status="PASS" starttime="20230210 15:52:21.416" endtime="20230210 15:52:21.417"/>
</kw>
<kw name="Get Tax By Id" library="Tax">
<var>${get_response}</var>
<arg>${tax_id}</arg>
<msg timestamp="20230210 15:52:21.419" level="INFO" html="true">About to Execute https://rel422.tmbmarble.com/catalog-management/v1/tax/tax_automationtest-tx_fd9ue4f API</msg>
<msg timestamp="20230210 15:52:25.182" level="INFO" html="true">{"code":"BMCAT_CA_40475","reason":"BMCAT_CA_40475","status":"404 NOT_FOUND","timestamp":"2023-02-10T10:22:33.116231441Z","message":"tax.id.not.found.BMCAT_CA_40475","errors":[{"pointer":"tax_automationtest-tx_fd9ue4f","detail":"tax.id.not.found.BMCAT_CA_40475","exception":"ProductOfferNotFoundException"}]}</msg>
<msg timestamp="20230210 15:52:25.183" level="INFO">${get_response} = &lt;Response [404]&gt;</msg>
<status status="PASS" starttime="20230210 15:52:21.418" endtime="20230210 15:52:25.183"/>
</kw>
<kw name="Should Be Equal" library="BuiltIn">
<arg>${get_response.status_code}</arg>
<arg>${404}</arg>
<doc>Fails if the given objects are unequal.</doc>
<status status="PASS" starttime="20230210 15:52:25.184" endtime="20230210 15:52:25.187"/>
</kw>
<status status="PASS" starttime="20230210 15:51:51.388" endtime="20230210 15:52:25.187"/>
</kw>
<status status="PASS" starttime="20230210 15:51:51.386" endtime="20230210 15:52:25.188"/>
</test>
<status status="PASS" starttime="20230210 15:51:24.760" endtime="20230210 15:52:25.191"/>
</suite>
<suite id="s1-s2" name="Tax2" source="D:\Catalog\Tests\paratesting\Tax2.robot">
<test id="s1-s2-t1" name="TC-02-Get All" line="8">
<kw name="KW-Get all Tax" library="TaxKW">
<kw name="Get All Tax" library="Tax">
<var>${get_all_tax}</var>
<msg timestamp="20230210 15:51:50.111" level="INFO" html="true">About to Execute https://rel422.tmbmarble.com/catalog-management/v1/tax API</msg>
<msg timestamp="20230210 15:52:07.149" level="INFO" html="true">[{"id":"pmqasae","name":"EditTax_AutoUI","displayName":"Tax for PO","taxType":"GovtTax","taxCategory":"Standard","externalID":"Ext082","definesExemption":false,"taxRate":120.0,"taxAmount":{"unit":"Pound","value":140.0},"additionalAttributes":[{"name":"EditTaxui","value":"10","valueType":"Number"}],"createdOn":"2023-02-10T03:49:20.793Z","createdBy":"rel_admin","lastUpdate":"2023-02-10T03:50:10.291Z","lastUpdatedBy":"rel_admin","validFor":{"endDateTime":"2099-02-24T03:48:00.000Z","startDateTime":"2023-02-10T03:48:00.000Z"}},{"id":"test_tax_clone-tx_3sq0k1b","name":"Test_TAX_CLONE","displayName":"Test_TAX","taxType":"GovtTax","taxCategory":"Luxury","externalID":"Ext1","definesExemption":true,"taxRate":10.0,"taxAmount":{"unit":"Dollar","value":12.0},"additionalAttributes":[{"name":"Discount","value":"10","valueType":"Number"}],"createdOn":"2023-02-09T18:56:48.450Z","createdBy":"dummy_test_designer","lastUpdate":"2023-02-09T18:56:48.450Z","lastUpdatedBy":"dummy_test_designer","validFor":{"endDateTime":"2099-02-09T18:55:37.465Z","startDateTime":"2023-02-09T18:55:37.465Z"}},{"id":"test_tax-tx_q7vi778","name":"Test_TAX_EDIT","displayName":"Test_TAX","taxType":"GovtTax","taxCategory":"Luxury","externalID":"Ext1","definesExemption":true,"taxRate":10.0,"taxAmount":{"unit":"Dollar","value":12.0},"additionalAttributes":[{"name":"Discount","value":"10","valueType":"Number"}],"createdOn":"2023-02-09T18:45:10.570Z","createdBy":"dummy_test_designer","lastUpdate":"2023-02-09T18:53:55.930Z","lastUpdatedBy":"dummy_test_designer","validFor":{"endDateTime":"2099-02-09T18:42:28.069Z","startDateTime":"2023-02-09T18:42:28.068Z"}},{"id":"kl4uyy5","name":"EditTax_AutoUI","displayName":"Tax for PO","taxType":"GovtTax","taxCategory":"Standard","externalID":"Ext082","definesExemption":false,"taxRate":120.0,"taxAmount":{"unit":"Pound","value":140.02},"additionalAttributes":[{"name":"Taxui","value":"10","valueType":"Number"}],"createdOn":"2023-02-09T14:29:04.182Z","createdBy":"rel_admin","lastUpdate":"2023-02-09T14:29:58.288Z","lastUpdatedBy":"rel_admin","validFor":{"endDateTime":"2099-02-20T14:28:00.000Z","startDateTime":"2023-02-09T14:28:00.000Z"}},{"id":"zxhqcrc","name":"EditTax_AutoUI","displayName":"Tax for PO","taxType":"GovtTax","taxCategory":"Standard","externalID":"Ext082","definesExemption":false,"taxRate":120.0,"taxAmount":{"unit":"Pound","value":140.0202},"additionalAttributes":[{"name":"Taxui","value":"10","valueType":"Number"}],"createdOn":"2023-02-09T14:03:58.774Z","createdBy":"rel_admin","lastUpdate":"2023-02-09T14:06:19.846Z","lastUpdatedBy":"rel_admin","validFor":{"endDateTime":"2099-02-20T14:02:00.000Z","startDateTime":"2023-02-09T14:02:00.000Z"}},{"id":"tax_automationtest-tx_qehde3o","name":"Tax_Automationtest","taxType":"GST","taxCategory":"Indian","definesExemption":false,"taxRate":20.0,"taxAmount":{"unit":"inr","value":10.0},"createdOn":"2023-02-08T13:52:10.769Z","createdBy":"rel_admin","lastUpdate":"2023-02-08T13:52:10.769Z","lastUpdatedBy":"rel_admin","validFor":{"endDateTime":"2025-12-22T12:14:14.118Z","startDateTime":"2025-12-22T12:14:14.118Z"}},{"id":"tax_automationtest-tx_r7pij2o","name":"Tax_Automationtest","taxType":"GST","taxCategory":"Indian","definesExemption":false,"taxRate":20.0,"taxAmount":{"unit":"inr","value":10.0},"createdOn":"2023-02-08T11:40:25.181Z","createdBy":"rel_admin","lastUpdate":"2023-02-08T11:40:25.181Z","lastUpdatedBy":"rel_admin","validFor":{"endDateTime":"2025-12-22T12:14:14.118Z","startDateTime":"2025-12-22T12:14:14.118Z"}},{"id":"tax_automationtest-tx_3w7g1n8","name":"Tax_Automationtest","taxType":"GST","taxCategory":"Indian","definesExemption":false,"taxRate":20.0,"taxAmount":{"unit":"inr","value":10.0},"createdOn":"2023-02-08T08:44:06.187Z","createdBy":"rel_admin","lastUpdate":"2023-02-08T08:44:06.187Z","lastUpdatedBy":"rel_admin","validFor":{"endDateTime":"2025-12-22T12:14:14.118Z","startDateTime":"2025-12-22T12:14:14.118Z"}},{"id":"tax_automationtest-tx_c039jq1","name":"Tax_Automationtest","taxType":"GST","taxCategory":"Indian","definesExemption":false,"taxRate":20.0,"taxAmount":{"unit":"inr","value":10.0},"createdOn":"2023-02-07T10:28:40.922Z","createdBy":"rel_admin","lastUpdate":"2023-02-07T10:28:40.922Z","lastUpdatedBy":"rel_admin","validFor":{"endDateTime":"2025-12-22T12:14:14.118Z","startDateTime":"2025-12-22T12:14:14.118Z"}},{"id":"tax_automationtest-tx_hq5x7on","name":"Tax_Automationtest","taxType":"GST","taxCategory":"Indian","definesExemption":false,"taxRate":20.0,"taxAmount":{"unit":"inr","value":10.0},"createdOn":"2023-02-07T08:32:53.356Z","createdBy":"rel_admin","lastUpdate":"2023-02-07T08:32:53.356Z","lastUpdatedBy":"rel_admin","validFor":{"endDateTime":"2025-12-22T12:14:14.118Z","startDateTime":"2025-12-22T12:14:14.118Z"}},{"id":"test_001-tx_xk78ce5","name":"Test_001","taxType":"GovtTax","taxCategory":"Luxury","externalID":"Ext","definesExemption":true,"taxRate":10.0,"createdOn":"2023-02-03T09:29:42.858Z","createdBy":"rel_admin","lastUpdate":"2023-02-03T09:29:42.858Z","lastUpdatedBy":"rel_admin","validFor":{"endDateTime":"2099-02-03T09:28:13.448Z","startDateTime":"2023-02-03T09:28:13.447Z"}},{"id":"tax_automationtest-tx_inudjrr","name":"Tax_Automationtest","taxType":"GST","taxCategory":"Indian","definesExemption":false,"taxRate":20.0,"taxAmount":{"unit":"inr","value":10.0},"createdOn":"2023-02-01T12:20:24.036Z","createdBy":"rel_admin","lastUpdate":"2023-02-01T12:20:24.036Z","lastUpdatedBy":"rel_admin","validFor":{"endDateTime":"2025-12-22T12:14:14.118Z","startDateTime":"2025-12-22T12:14:14.118Z"}},{"id":"tax_automationtest-tx_8cf9amo","name":"Tax_Automationtest","taxType":"GST","taxCategory":"Indian","definesExemption":false,"taxRate":20.0,"taxAmount":{"unit":"inr","value":10.0},"createdOn":"2023-02-01T12:17:46.952Z","createdBy":"rel_admin","lastUpdate":"2023-02-01T12:17:46.952Z","lastUpdatedBy":"rel_admin","validFor":{"endDateTime":"2025-12-22T12:14:14.118Z","startDateTime":"2025-12-22T12:14:14.118Z"}},{"id":"tax_automationtest-tx_qlkvr2w","name":"Tax_Automationtest","taxType":"GST","taxCategory":"Indian","definesExemption":false,"taxRate":20.0,"taxAmount":{"unit":"inr","value":10.0},"createdOn":"2023-02-01T11:35:21.336Z","createdBy":"rel_admin","lastUpdate":"2023-02-01T11:35:21.336Z","lastUpdatedBy":"rel_admin","validFor":{"endDateTime":"2025-12-22T12:14:14.118Z","startDateTime":"2025-12-22T12:14:14.118Z"}},{"id":"tax_automationtest-tx_le0hax4","name":"Tax_Automationtest","taxType":"GST","taxCategory":"Indian","definesExemption":false,"taxRate":20.0,"taxAmount":{"unit":"inr","value":10.0},"createdOn":"2023-02-01T11:29:35.409Z","createdBy":"rel_admin","lastUpdate":"2023-02-01T11:29:35.409Z","lastUpdatedBy":"rel_admin","validFor":{"endDateTime":"2025-12-22T12:14:14.118Z","startDateTime":"2025-12-22T12:14:14.118Z"}},{"id":"new_tax","name":"New_Tax","displayName":"New_Tax","taxType":"GovtTax","taxCategory":"Standard","externalID":"Ext1","definesExemption":false,"taxRate":10.0,"taxAmount":{"unit":"Dollar","value":5.0},"additionalAttributes":[{"name":"Discount11","value":"15","valueType":"Number"}],"createdOn":"2023-01-31T11:12:16.881Z","createdBy":"rel_admin","lastUpdate":"2023-01-31T11:12:16.881Z","lastUpdatedBy":"rel_admin","validFor":{"endDateTime":"2099-01-31T11:10:33.847Z","startDateTime":"2023-01-31T11:10:33.847Z"}},{"id":"dummytax-tx_jb23r","name":"dummytax","displayName":"dummytax","taxType":"GST","taxCategory":"VAT","externalID":"Ext1","definesExemption":false,"taxRate":11.0,"taxAmount":{"unit":"Dollar","value":10.0},"additionalAttributes":[{"name":"Discount1","value":"10","valueType":"List"}],"createdOn":"2022-12-20T12:36:58.824Z","createdBy":"rel_admin","lastUpdate":"2023-01-31T11:08:29.631Z","lastUpdatedBy":"rel_admin","validFor":{"endDateTime":"2099-09-19T05:12:51.568Z","startDateTime":"2022-09-19T06:14:47.191Z"}},{"id":"test001-tx_cvfuicd","name":"Test001","displayName":"Test001","taxType":"GovtTax","taxCategory":"Luxury","externalID":"Ext1","definesExemption":true,"taxAmount":{"unit":"Dollar","value":15.0},"additionalAttributes":[{"name":"Test001","value":"5","valueType":"Number"}],"createdOn":"2023-01-30T17:02:04.548Z","createdBy":"rel_admin","lastUpdate":"2023-01-30T17:02:04.548Z","lastUpdatedBy":"rel_admin","validFor":{"endDateTime":"2099-01-30T17:01:02.319Z","startDateTime":"2023-01-30T17:01:02.319Z"}},{"id":"test001","name":"Test001","displayName":"Test001","taxType":"GovtTax","taxCategory":"Luxury","externalID":"Ext1","definesExemption":true,"taxAmount":{"unit":"Dollar","value":15.0},"additionalAttributes":[{"name":"Test001","value":"5","valueType":"Number"}],"createdOn":"2023-01-30T16:59:06.866Z","createdBy":"rel_admin","lastUpdate":"2023-01-30T17:00:10.852Z","lastUpdatedBy":"rel_admin","validFor":{"endDateTime":"2099-01-30T16:57:27.829Z","startDateTime":"2023-01-30T16:57:27.829Z"}},{"id":"tax_automationtest-tx_oc4c2jo","name":"Tax_Automationtest","taxType":"GST","taxCategory":"Indian","definesExemption":false,"taxRate":20.0,"taxAmount":{"unit":"inr","value":10.0},"createdOn":"2023-01-30T11:59:33.237Z","createdBy":"rel_admin","lastUpdate":"2023-01-30T11:59:33.237Z","lastUpdatedBy":"rel_admin","validFor":{"endDateTime":"2025-12-22T12:14:14.118Z","startDateTime":"2025-12-22T12:14:14.118Z"}}]</msg>
<msg timestamp="20230210 15:52:07.151" level="INFO">${get_all_tax} = &lt;Response [206]&gt;</msg>
<status status="PASS" starttime="20230210 15:51:50.111" endtime="20230210 15:52:07.151"/>
</kw>
<kw name="Should Be Equal" library="BuiltIn">
<arg>${get_all_tax.status_code}</arg>
<arg>${206}</arg>
<doc>Fails if the given objects are unequal.</doc>
<status status="PASS" starttime="20230210 15:52:07.152" endtime="20230210 15:52:07.156"/>
</kw>
<status status="PASS" starttime="20230210 15:51:50.109" endtime="20230210 15:52:07.157"/>
</kw>
<status status="PASS" starttime="20230210 15:51:50.107" endtime="20230210 15:52:07.157"/>
</test>
<test id="s1-s2-t2" name="TC-03-Get Tax By Filters" line="11">
<kw name="KW-Get Tax By Filters" library="TaxKW">
<kw name="Get Tax By Filters" library="Tax">
<var>${get_response}</var>
<arg>taxCategory=Indian</arg>
<msg timestamp="20230210 15:52:07.162" level="INFO">/catalog-management/v1/tax/search?filters=taxCategory=Indian</msg>
<msg timestamp="20230210 15:52:07.164" level="INFO" html="true">About to Execute https://rel422.tmbmarble.com/catalog-management/v1/tax/search?filters=taxCategory=Indian API</msg>
<msg timestamp="20230210 15:52:15.312" level="INFO" html="true">[{"id":"tax_automationtest-tx_fd9ue4f","name":"Tax_Automationtestupdated","taxType":"GST","taxCategory":"Indian","definesExemption":false,"taxRate":20.0,"taxAmount":{"unit":"inr","value":50.0},"createdOn":"2023-02-10T10:22:06.743Z","createdBy":"rel_admin","lastUpdate":"2023-02-10T10:22:12.927Z","lastUpdatedBy":"rel_admin","validFor":{"endDateTime":"2025-12-22T12:14:14.118Z","startDateTime":"2025-12-22T12:14:14.118Z"}},{"id":"tax_automationtest-tx_qehde3o","name":"Tax_Automationtest","taxType":"GST","taxCategory":"Indian","definesExemption":false,"taxRate":20.0,"taxAmount":{"unit":"inr","value":10.0},"createdOn":"2023-02-08T13:52:10.769Z","createdBy":"rel_admin","lastUpdate":"2023-02-08T13:52:10.769Z","lastUpdatedBy":"rel_admin","validFor":{"endDateTime":"2025-12-22T12:14:14.118Z","startDateTime":"2025-12-22T12:14:14.118Z"}},{"id":"tax_automationtest-tx_r7pij2o","name":"Tax_Automationtest","taxType":"GST","taxCategory":"Indian","definesExemption":false,"taxRate":20.0,"taxAmount":{"unit":"inr","value":10.0},"createdOn":"2023-02-08T11:40:25.181Z","createdBy":"rel_admin","lastUpdate":"2023-02-08T11:40:25.181Z","lastUpdatedBy":"rel_admin","validFor":{"endDateTime":"2025-12-22T12:14:14.118Z","startDateTime":"2025-12-22T12:14:14.118Z"}},{"id":"tax_automationtest-tx_3w7g1n8","name":"Tax_Automationtest","taxType":"GST","taxCategory":"Indian","definesExemption":false,"taxRate":20.0,"taxAmount":{"unit":"inr","value":10.0},"createdOn":"2023-02-08T08:44:06.187Z","createdBy":"rel_admin","lastUpdate":"2023-02-08T08:44:06.187Z","lastUpdatedBy":"rel_admin","validFor":{"endDateTime":"2025-12-22T12:14:14.118Z","startDateTime":"2025-12-22T12:14:14.118Z"}},{"id":"tax_automationtest-tx_c039jq1","name":"Tax_Automationtest","taxType":"GST","taxCategory":"Indian","definesExemption":false,"taxRate":20.0,"taxAmount":{"unit":"inr","value":10.0},"createdOn":"2023-02-07T10:28:40.922Z","createdBy":"rel_admin","lastUpdate":"2023-02-07T10:28:40.922Z","lastUpdatedBy":"rel_admin","validFor":{"endDateTime":"2025-12-22T12:14:14.118Z","startDateTime":"2025-12-22T12:14:14.118Z"}},{"id":"tax_automationtest-tx_hq5x7on","name":"Tax_Automationtest","taxType":"GST","taxCategory":"Indian","definesExemption":false,"taxRate":20.0,"taxAmount":{"unit":"inr","value":10.0},"createdOn":"2023-02-07T08:32:53.356Z","createdBy":"rel_admin","lastUpdate":"2023-02-07T08:32:53.356Z","lastUpdatedBy":"rel_admin","validFor":{"endDateTime":"2025-12-22T12:14:14.118Z","startDateTime":"2025-12-22T12:14:14.118Z"}},{"id":"tax_automationtest-tx_inudjrr","name":"Tax_Automationtest","taxType":"GST","taxCategory":"Indian","definesExemption":false,"taxRate":20.0,"taxAmount":{"unit":"inr","value":10.0},"createdOn":"2023-02-01T12:20:24.036Z","createdBy":"rel_admin","lastUpdate":"2023-02-01T12:20:24.036Z","lastUpdatedBy":"rel_admin","validFor":{"endDateTime":"2025-12-22T12:14:14.118Z","startDateTime":"2025-12-22T12:14:14.118Z"}},{"id":"tax_automationtest-tx_8cf9amo","name":"Tax_Automationtest","taxType":"GST","taxCategory":"Indian","definesExemption":false,"taxRate":20.0,"taxAmount":{"unit":"inr","value":10.0},"createdOn":"2023-02-01T12:17:46.952Z","createdBy":"rel_admin","lastUpdate":"2023-02-01T12:17:46.952Z","lastUpdatedBy":"rel_admin","validFor":{"endDateTime":"2025-12-22T12:14:14.118Z","startDateTime":"2025-12-22T12:14:14.118Z"}},{"id":"tax_automationtest-tx_qlkvr2w","name":"Tax_Automationtest","taxType":"GST","taxCategory":"Indian","definesExemption":false,"taxRate":20.0,"taxAmount":{"unit":"inr","value":10.0},"createdOn":"2023-02-01T11:35:21.336Z","createdBy":"rel_admin","lastUpdate":"2023-02-01T11:35:21.336Z","lastUpdatedBy":"rel_admin","validFor":{"endDateTime":"2025-12-22T12:14:14.118Z","startDateTime":"2025-12-22T12:14:14.118Z"}},{"id":"tax_automationtest-tx_le0hax4","name":"Tax_Automationtest","taxType":"GST","taxCategory":"Indian","definesExemption":false,"taxRate":20.0,"taxAmount":{"unit":"inr","value":10.0},"createdOn":"2023-02-01T11:29:35.409Z","createdBy":"rel_admin","lastUpdate":"2023-02-01T11:29:35.409Z","lastUpdatedBy":"rel_admin","validFor":{"endDateTime":"2025-12-22T12:14:14.118Z","startDateTime":"2025-12-22T12:14:14.118Z"}},{"id":"tax_automationtest-tx_oc4c2jo","name":"Tax_Automationtest","taxType":"GST","taxCategory":"Indian","definesExemption":false,"taxRate":20.0,"taxAmount":{"unit":"inr","value":10.0},"createdOn":"2023-01-30T11:59:33.237Z","createdBy":"rel_admin","lastUpdate":"2023-01-30T11:59:33.237Z","lastUpdatedBy":"rel_admin","validFor":{"endDateTime":"2025-12-22T12:14:14.118Z","startDateTime":"2025-12-22T12:14:14.118Z"}},{"id":"tax_automationtest-tx_ckhztmc","name":"Tax_Automationtest","taxType":"GST","taxCategory":"Indian","definesExemption":false,"taxRate":20.0,"taxAmount":{"unit":"inr","value":10.0},"createdOn":"2023-01-30T10:26:22.573Z","createdBy":"rel_admin","lastUpdate":"2023-01-30T10:26:22.573Z","lastUpdatedBy":"rel_admin","validFor":{"endDateTime":"2025-12-22T12:14:14.118Z","startDateTime":"2025-12-22T12:14:14.118Z"}},{"id":"tax_automationtest-tx_rd1day7","name":"Tax_Automationtest","taxType":"GST","taxCategory":"Indian","definesExemption":false,"taxRate":20.0,"taxAmount":{"unit":"inr","value":10.0},"createdOn":"2023-01-30T10:09:20.552Z","createdBy":"rel_admin","lastUpdate":"2023-01-30T10:09:20.552Z","lastUpdatedBy":"rel_admin","validFor":{"endDateTime":"2025-12-22T12:14:14.118Z","startDateTime":"2025-12-22T12:14:14.118Z"}},{"id":"tax_automationtest-tx_s6pewjy","name":"Tax_Automationtest","taxType":"GST","taxCategory":"Indian","definesExemption":false,"taxRate":20.0,"taxAmount":{"unit":"inr","value":10.0},"createdOn":"2023-01-30T10:01:46.773Z","createdBy":"rel_admin","lastUpdate":"2023-01-30T10:01:46.773Z","lastUpdatedBy":"rel_admin","validFor":{"endDateTime":"2025-12-22T12:14:14.118Z","startDateTime":"2025-12-22T12:14:14.118Z"}},{"id":"tax_automationtest-tx_s6uhwgw","name":"Tax_Automationtest","taxType":"GST","taxCategory":"Indian","definesExemption":false,"taxRate":20.0,"taxAmount":{"unit":"inr","value":10.0},"createdOn":"2023-01-30T09:15:21.322Z","createdBy":"rel_admin","lastUpdate":"2023-01-30T09:15:21.322Z","lastUpdatedBy":"rel_admin","validFor":{"endDateTime":"2025-12-22T12:14:14.118Z","startDateTime":"2025-12-22T12:14:14.118Z"}},{"id":"tax_automationtest-tx_cl030zi","name":"Tax_Automationtest","taxType":"GST","taxCategory":"Indian","definesExemption":false,"taxRate":20.0,"taxAmount":{"unit":"inr","value":10.0},"createdOn":"2023-01-30T09:08:15.723Z","createdBy":"rel_admin","lastUpdate":"2023-01-30T09:08:15.723Z","lastUpdatedBy":"rel_admin","validFor":{"endDateTime":"2025-12-22T12:14:14.118Z","startDateTime":"2025-12-22T12:14:14.118Z"}},{"id":"tax_automationtest-tx_g8y0qqp","name":"Tax_Automationtest","taxType":"GST","taxCategory":"Indian","definesExemption":false,"taxRate":20.0,"taxAmount":{"unit":"inr","value":10.0},"createdOn":"2023-01-30T05:42:52.328Z","createdBy":"rel_admin","lastUpdate":"2023-01-30T05:42:52.328Z","lastUpdatedBy":"rel_admin","validFor":{"endDateTime":"2025-12-22T12:14:14.118Z","startDateTime":"2025-12-22T12:14:14.118Z"}},{"id":"tax_automationtest-tx_unrldzg","name":"Tax_Automationtest","taxType":"GST","taxCategory":"Indian","definesExemption":false,"taxRate":20.0,"taxAmount":{"unit":"inr","value":10.0},"createdOn":"2023-01-30T05:26:01.996Z","createdBy":"rel_admin","lastUpdate":"2023-01-30T05:26:01.996Z","lastUpdatedBy":"rel_admin","validFor":{"endDateTime":"2025-12-22T12:14:14.118Z","startDateTime":"2025-12-22T12:14:14.118Z"}}]</msg>
<msg timestamp="20230210 15:52:15.313" level="INFO">${get_response} = &lt;Response [200]&gt;</msg>
<status status="PASS" starttime="20230210 15:52:07.162" endtime="20230210 15:52:15.313"/>
</kw>
<kw name="Log To Console" library="BuiltIn">
<arg>${get_response.text}</arg>
<doc>Logs the given message to the console.</doc>
<status status="PASS" starttime="20230210 15:52:15.314" endtime="20230210 15:52:15.318"/>
</kw>
<kw name="Should Be Equal" library="BuiltIn">
<arg>${get_response.status_code}</arg>
<arg>${200}</arg>
<doc>Fails if the given objects are unequal.</doc>
<status status="PASS" starttime="20230210 15:52:15.319" endtime="20230210 15:52:15.328"/>
</kw>
<kw name="Get Tax By Filters" library="Tax">
<var>${get_response}</var>
<arg>taxType=GST</arg>
<msg timestamp="20230210 15:52:15.331" level="INFO">/catalog-management/v1/tax/search?filters=taxType=GST</msg>
<msg timestamp="20230210 15:52:15.331" level="INFO" html="true">About to Execute https://rel422.tmbmarble.com/catalog-management/v1/tax/search?filters=taxType=GST API</msg>
<msg timestamp="20230210 15:52:29.224" level="INFO" html="true">[{"id":"tax_automationtest-tx_qehde3o","name":"Tax_Automationtest","taxType":"GST","taxCategory":"Indian","definesExemption":false,"taxRate":20.0,"taxAmount":{"unit":"inr","value":10.0},"createdOn":"2023-02-08T13:52:10.769Z","createdBy":"rel_admin","lastUpdate":"2023-02-08T13:52:10.769Z","lastUpdatedBy":"rel_admin","validFor":{"endDateTime":"2025-12-22T12:14:14.118Z","startDateTime":"2025-12-22T12:14:14.118Z"}},{"id":"tax_automationtest-tx_r7pij2o","name":"Tax_Automationtest","taxType":"GST","taxCategory":"Indian","definesExemption":false,"taxRate":20.0,"taxAmount":{"unit":"inr","value":10.0},"createdOn":"2023-02-08T11:40:25.181Z","createdBy":"rel_admin","lastUpdate":"2023-02-08T11:40:25.181Z","lastUpdatedBy":"rel_admin","validFor":{"endDateTime":"2025-12-22T12:14:14.118Z","startDateTime":"2025-12-22T12:14:14.118Z"}},{"id":"tax_automationtest-tx_3w7g1n8","name":"Tax_Automationtest","taxType":"GST","taxCategory":"Indian","definesExemption":false,"taxRate":20.0,"taxAmount":{"unit":"inr","value":10.0},"createdOn":"2023-02-08T08:44:06.187Z","createdBy":"rel_admin","lastUpdate":"2023-02-08T08:44:06.187Z","lastUpdatedBy":"rel_admin","validFor":{"endDateTime":"2025-12-22T12:14:14.118Z","startDateTime":"2025-12-22T12:14:14.118Z"}},{"id":"tax_automationtest-tx_c039jq1","name":"Tax_Automationtest","taxType":"GST","taxCategory":"Indian","definesExemption":false,"taxRate":20.0,"taxAmount":{"unit":"inr","value":10.0},"createdOn":"2023-02-07T10:28:40.922Z","createdBy":"rel_admin","lastUpdate":"2023-02-07T10:28:40.922Z","lastUpdatedBy":"rel_admin","validFor":{"endDateTime":"2025-12-22T12:14:14.118Z","startDateTime":"2025-12-22T12:14:14.118Z"}},{"id":"tax_automationtest-tx_hq5x7on","name":"Tax_Automationtest","taxType":"GST","taxCategory":"Indian","definesExemption":false,"taxRate":20.0,"taxAmount":{"unit":"inr","value":10.0},"createdOn":"2023-02-07T08:32:53.356Z","createdBy":"rel_admin","lastUpdate":"2023-02-07T08:32:53.356Z","lastUpdatedBy":"rel_admin","validFor":{"endDateTime":"2025-12-22T12:14:14.118Z","startDateTime":"2025-12-22T12:14:14.118Z"}},{"id":"tax_automationtest-tx_inudjrr","name":"Tax_Automationtest","taxType":"GST","taxCategory":"Indian","definesExemption":false,"taxRate":20.0,"taxAmount":{"unit":"inr","value":10.0},"createdOn":"2023-02-01T12:20:24.036Z","createdBy":"rel_admin","lastUpdate":"2023-02-01T12:20:24.036Z","lastUpdatedBy":"rel_admin","validFor":{"endDateTime":"2025-12-22T12:14:14.118Z","startDateTime":"2025-12-22T12:14:14.118Z"}},{"id":"tax_automationtest-tx_8cf9amo","name":"Tax_Automationtest","taxType":"GST","taxCategory":"Indian","definesExemption":false,"taxRate":20.0,"taxAmount":{"unit":"inr","value":10.0},"createdOn":"2023-02-01T12:17:46.952Z","createdBy":"rel_admin","lastUpdate":"2023-02-01T12:17:46.952Z","lastUpdatedBy":"rel_admin","validFor":{"endDateTime":"2025-12-22T12:14:14.118Z","startDateTime":"2025-12-22T12:14:14.118Z"}},{"id":"tax_automationtest-tx_qlkvr2w","name":"Tax_Automationtest","taxType":"GST","taxCategory":"Indian","definesExemption":false,"taxRate":20.0,"taxAmount":{"unit":"inr","value":10.0},"createdOn":"2023-02-01T11:35:21.336Z","createdBy":"rel_admin","lastUpdate":"2023-02-01T11:35:21.336Z","lastUpdatedBy":"rel_admin","validFor":{"endDateTime":"2025-12-22T12:14:14.118Z","startDateTime":"2025-12-22T12:14:14.118Z"}},{"id":"tax_automationtest-tx_le0hax4","name":"Tax_Automationtest","taxType":"GST","taxCategory":"Indian","definesExemption":false,"taxRate":20.0,"taxAmount":{"unit":"inr","value":10.0},"createdOn":"2023-02-01T11:29:35.409Z","createdBy":"rel_admin","lastUpdate":"2023-02-01T11:29:35.409Z","lastUpdatedBy":"rel_admin","validFor":{"endDateTime":"2025-12-22T12:14:14.118Z","startDateTime":"2025-12-22T12:14:14.118Z"}},{"id":"dummytax-tx_jb23r","name":"dummytax","displayName":"dummytax","taxType":"GST","taxCategory":"VAT","externalID":"Ext1","definesExemption":false,"taxRate":11.0,"taxAmount":{"unit":"Dollar","value":10.0},"additionalAttributes":[{"name":"Discount1","value":"10","valueType":"List"}],"createdOn":"2022-12-20T12:36:58.824Z","createdBy":"rel_admin","lastUpdate":"2023-01-31T11:08:29.631Z","lastUpdatedBy":"rel_admin","validFor":{"endDateTime":"2099-09-19T05:12:51.568Z","startDateTime":"2022-09-19T06:14:47.191Z"}},{"id":"tax_automationtest-tx_oc4c2jo","name":"Tax_Automationtest","taxType":"GST","taxCategory":"Indian","definesExemption":false,"taxRate":20.0,"taxAmount":{"unit":"inr","value":10.0},"createdOn":"2023-01-30T11:59:33.237Z","createdBy":"rel_admin","lastUpdate":"2023-01-30T11:59:33.237Z","lastUpdatedBy":"rel_admin","validFor":{"endDateTime":"2025-12-22T12:14:14.118Z","startDateTime":"2025-12-22T12:14:14.118Z"}},{"id":"tax_automationtest-tx_ckhztmc","name":"Tax_Automationtest","taxType":"GST","taxCategory":"Indian","definesExemption":false,"taxRate":20.0,"taxAmount":{"unit":"inr","value":10.0},"createdOn":"2023-01-30T10:26:22.573Z","createdBy":"rel_admin","lastUpdate":"2023-01-30T10:26:22.573Z","lastUpdatedBy":"rel_admin","validFor":{"endDateTime":"2025-12-22T12:14:14.118Z","startDateTime":"2025-12-22T12:14:14.118Z"}},{"id":"tax_automationtest-tx_rd1day7","name":"Tax_Automationtest","taxType":"GST","taxCategory":"Indian","definesExemption":false,"taxRate":20.0,"taxAmount":{"unit":"inr","value":10.0},"createdOn":"2023-01-30T10:09:20.552Z","createdBy":"rel_admin","lastUpdate":"2023-01-30T10:09:20.552Z","lastUpdatedBy":"rel_admin","validFor":{"endDateTime":"2025-12-22T12:14:14.118Z","startDateTime":"2025-12-22T12:14:14.118Z"}},{"id":"tax_automationtest-tx_s6pewjy","name":"Tax_Automationtest","taxType":"GST","taxCategory":"Indian","definesExemption":false,"taxRate":20.0,"taxAmount":{"unit":"inr","value":10.0},"createdOn":"2023-01-30T10:01:46.773Z","createdBy":"rel_admin","lastUpdate":"2023-01-30T10:01:46.773Z","lastUpdatedBy":"rel_admin","validFor":{"endDateTime":"2025-12-22T12:14:14.118Z","startDateTime":"2025-12-22T12:14:14.118Z"}},{"id":"tax_automationtest-tx_s6uhwgw","name":"Tax_Automationtest","taxType":"GST","taxCategory":"Indian","definesExemption":false,"taxRate":20.0,"taxAmount":{"unit":"inr","value":10.0},"createdOn":"2023-01-30T09:15:21.322Z","createdBy":"rel_admin","lastUpdate":"2023-01-30T09:15:21.322Z","lastUpdatedBy":"rel_admin","validFor":{"endDateTime":"2025-12-22T12:14:14.118Z","startDateTime":"2025-12-22T12:14:14.118Z"}},{"id":"tax_automationtest-tx_cl030zi","name":"Tax_Automationtest","taxType":"GST","taxCategory":"Indian","definesExemption":false,"taxRate":20.0,"taxAmount":{"unit":"inr","value":10.0},"createdOn":"2023-01-30T09:08:15.723Z","createdBy":"rel_admin","lastUpdate":"2023-01-30T09:08:15.723Z","lastUpdatedBy":"rel_admin","validFor":{"endDateTime":"2025-12-22T12:14:14.118Z","startDateTime":"2025-12-22T12:14:14.118Z"}},{"id":"cloneregretax-tx_urs5j","name":"cloneregreTax-EDIT","displayName":"regreTax-EDIT","taxType":"GST","taxCategory":"Standard","externalID":"ext89","definesExemption":false,"taxRate":4.0,"taxAmount":{"unit":"Dollar","value":14.0},"additionalAttributes":[{"name":"tax1","value":"12","valueType":"List"}],"createdOn":"2022-12-20T12:36:58.824Z","createdBy":"rel_admin","lastUpdate":"2023-01-30T06:57:45.342Z","lastUpdatedBy":"rel_admin","validFor":{"endDateTime":"2099-09-19T05:15:08.590Z","startDateTime":"2022-09-19T06:15:08.589Z"}},{"id":"tax_automationtest-tx_g8y0qqp","name":"Tax_Automationtest","taxType":"GST","taxCategory":"Indian","definesExemption":false,"taxRate":20.0,"taxAmount":{"unit":"inr","value":10.0},"createdOn":"2023-01-30T05:42:52.328Z","createdBy":"rel_admin","lastUpdate":"2023-01-30T05:42:52.328Z","lastUpdatedBy":"rel_admin","validFor":{"endDateTime":"2025-12-22T12:14:14.118Z","startDateTime":"2025-12-22T12:14:14.118Z"}},{"id":"tax_automationtest-tx_unrldzg","name":"Tax_Automationtest","taxType":"GST","taxCategory":"Indian","definesExemption":false,"taxRate":20.0,"taxAmount":{"unit":"inr","value":10.0},"createdOn":"2023-01-30T05:26:01.996Z","createdBy":"rel_admin","lastUpdate":"2023-01-30T05:26:01.996Z","lastUpdatedBy":"rel_admin","validFor":{"endDateTime":"2025-12-22T12:14:14.118Z","startDateTime":"2025-12-22T12:14:14.118Z"}},{"id":"test_tax_3","name":"Test_TAX_3","displayName":"Test_TAX_3","taxType":"GST","taxCategory":"Luxuxry","externalID":"Ext1","definesExemption":true,"taxAmount":{"unit":"Euro","value":15.0},"additionalAttributes":[{"name":"Discount4","value":"5","valueType":"Number"}],"createdOn":"2022-12-20T12:36:56.922Z","createdBy":"rel_admin","lastUpdate":"2022-12-20T14:24:18.448Z","lastUpdatedBy":"rel_admin","validFor":{"endDateTime":"2099-11-16T06:38:38.720Z","startDateTime":"2022-11-16T06:38:38.720Z"}}]</msg>
<msg timestamp="20230210 15:52:29.226" level="INFO">${get_response} = &lt;Response [206]&gt;</msg>
<status status="PASS" starttime="20230210 15:52:15.329" endtime="20230210 15:52:29.226"/>
</kw>
<kw name="Log To Console" library="BuiltIn">
<arg>${get_response.text}</arg>
<doc>Logs the given message to the console.</doc>
<status status="PASS" starttime="20230210 15:52:29.227" endtime="20230210 15:52:29.230"/>
</kw>
<kw name="Should Be Equal" library="BuiltIn">
<arg>${get_response.status_code}</arg>
<arg>${206}</arg>
<doc>Fails if the given objects are unequal.</doc>
<status status="PASS" starttime="20230210 15:52:29.230" endtime="20230210 15:52:29.234"/>
</kw>
<status status="PASS" starttime="20230210 15:52:07.160" endtime="20230210 15:52:29.235"/>
</kw>
<status status="PASS" starttime="20230210 15:52:07.158" endtime="20230210 15:52:29.235"/>
</test>
<status status="PASS" starttime="20230210 15:51:24.734" endtime="20230210 15:52:29.237"/>
</suite>
<doc>[https://pabot.org/?ref=log|Pabot] result from 2 executions.</doc>
<status status="PASS" starttime="20230210 15:51:24.681" endtime="20230210 15:52:29.239"/>
</suite>
<statistics>
<total>
<stat pass="3" fail="0" skip="0">All Tests</stat>
</total>
<tag>
</tag>
<suite>
<stat pass="3" fail="0" skip="0" id="s1" name="Suites">Suites</stat>
<stat pass="1" fail="0" skip="0" id="s1-s1" name="Tax">Suites.Tax</stat>
<stat pass="2" fail="0" skip="0" id="s1-s2" name="Tax2">Suites.Tax2</stat>
</suite>
</statistics>
<errors>
</errors>
</robot>
