<?xml version="1.0" encoding="UTF-8"?>
<robot generator="Robot 5.0.1 (Python 3.10.4 on win32)" generated="20230210 15:51:24.667" rpa="false" schemaversion="3">
<suite id="s1" name="Suites">
<suite id="s1-s1" name="Tax" source="D:\Catalog\Tests\paratesting\Tax.robot">
<test id="s1-s1-t1" name="TC-01-Create Tax" line="7">
<kw name="KW-Create Tax" library="TaxKW">
<kw name="Create Tax" library="Tax">
<var>${create_response}</var>
<arg>${create_tax_json}</arg>
<msg timestamp="20230210 15:51:51.391" level="INFO" html="true">About to Execute https://rel422.tmbmarble.com/catalog-management/v1/tax API</msg>
<msg timestamp="20230210 15:51:51.391" level="INFO" html="true">{"name": "Tax_Automationtest", "taxAmount": {"unit": "inr", "value": 10}, "taxCategory": "Indian", "taxRate": 20, "taxType": "GST", "validFor": {"endDateTime": "2025-12-22T12:14:14.118Z", "startDateTime": "2025-12-22T12:14:14.118Z"}}</msg>
<msg timestamp="20230210 15:51:58.820" level="INFO" html="true">{"id":"tax_automationtest-tx_fd9ue4f","name":"Tax_Automationtest","taxType":"GST","taxCategory":"Indian","definesExemption":false,"taxRate":20.0,"taxAmount":{"unit":"inr","value":10.0},"createdOn":"2023-02-10T10:22:06.743Z","createdBy":"rel_admin","lastUpdate":"2023-02-10T10:22:06.743Z","lastUpdatedBy":"rel_admin","validFor":{"endDateTime":"2025-12-22T12:14:14.118Z","startDateTime":"2025-12-22T12:14:14.118Z"}}</msg>
<msg timestamp="20230210 15:51:58.821" level="INFO">${create_response} = &lt;Response [201]&gt;</msg>
<status status="PASS" starttime="20230210 15:51:51.390" endtime="20230210 15:51:58.821"/>
</kw>
<kw name="Log To Console" library="BuiltIn">
<arg>${create_response.text}</arg>
<doc>Logs the given message to the console.</doc>
<status status="PASS" starttime="20230210 15:51:58.821" endtime="20230210 15:51:58.829"/>
</kw>
<kw name="Should Be Equal" library="BuiltIn">
<arg>${create_response.status_code}</arg>
<arg>${201}</arg>
<doc>Fails if the given objects are unequal.</doc>
<status status="PASS" starttime="20230210 15:51:58.830" endtime="20230210 15:51:58.833"/>
</kw>
<kw name="Convert String to JSON" library="JSONLibrary">
<var>${create_response_body}</var>
<arg>${create_response.text}</arg>
<doc>Convert String to JSON object</doc>
<msg timestamp="20230210 15:51:58.836" level="INFO">${create_response_body} = {'id': 'tax_automationtest-tx_fd9ue4f', 'name': 'Tax_Automationtest', 'taxType': 'GST', 'taxCategory': 'Indian', 'definesExemption': False, 'taxRate': 20.0, 'taxAmount': {'unit': 'inr', 'value': 10.0}...</msg>
<status status="PASS" starttime="20230210 15:51:58.834" endtime="20230210 15:51:58.836"/>
</kw>
<kw name="Log To Console" library="BuiltIn">
<arg>${create_response_body}</arg>
<doc>Logs the given message to the console.</doc>
<status status="PASS" starttime="20230210 15:51:58.836" endtime="20230210 15:51:58.838"/>
</kw>
<kw name="Set Variable" library="BuiltIn">
<var>${tax_id}</var>
<arg>${create_response_body['id']}</arg>
<doc>Returns the given values which can then be assigned to a variables.</doc>
<msg timestamp="20230210 15:51:58.840" level="INFO">${tax_id} = tax_automationtest-tx_fd9ue4f</msg>
<status status="PASS" starttime="20230210 15:51:58.838" endtime="20230210 15:51:58.840"/>
</kw>
<kw name="Set Variable" library="BuiltIn">
<var>${tax_name}</var>
<arg>${create_response_body['name']}</arg>
<doc>Returns the given values which can then be assigned to a variables.</doc>
<msg timestamp="20230210 15:51:58.844" level="INFO">${tax_name} = Tax_Automationtest</msg>
<status status="PASS" starttime="20230210 15:51:58.842" endtime="20230210 15:51:58.845"/>
</kw>
<kw name="Set Variable" library="BuiltIn">
<var>${tax_rate}</var>
<arg>${create_response_body['taxRate']}</arg>
<doc>Returns the given values which can then be assigned to a variables.</doc>
<msg timestamp="20230210 15:51:58.846" level="INFO">${tax_rate} = 20.0</msg>
<status status="PASS" starttime="20230210 15:51:58.845" endtime="20230210 15:51:58.846"/>
</kw>
<kw name="Set Variable" library="BuiltIn">
<var>${tax_type}</var>
<arg>${create_response_body['taxType']}</arg>
<doc>Returns the given values which can then be assigned to a variables.</doc>
<msg timestamp="20230210 15:51:58.850" level="INFO">${tax_type} = GST</msg>
<status status="PASS" starttime="20230210 15:51:58.848" endtime="20230210 15:51:58.850"/>
</kw>
<kw name="Set Variable" library="BuiltIn">
<var>${tax_category}</var>
<arg>${create_response_body['taxCategory']}</arg>
<doc>Returns the given values which can then be assigned to a variables.</doc>
<msg timestamp="20230210 15:51:58.854" level="INFO">${tax_category} = Indian</msg>
<status status="PASS" starttime="20230210 15:51:58.851" endtime="20230210 15:51:58.855"/>
</kw>
<kw name="Set Variable" library="BuiltIn">
<var>${tax_amountunit}</var>
<arg>${create_response_body['taxAmount']['unit']}</arg>
<doc>Returns the given values which can then be assigned to a variables.</doc>
<msg timestamp="20230210 15:51:58.858" level="INFO">${tax_amountunit} = inr</msg>
<status status="PASS" starttime="20230210 15:51:58.855" endtime="20230210 15:51:58.858"/>
</kw>
<kw name="Set Variable" library="BuiltIn">
<var>${tax_amountvalue}</var>
<arg>${create_response_body['taxAmount']['value']}</arg>
<doc>Returns the given values which can then be assigned to a variables.</doc>
<msg timestamp="20230210 15:51:58.862" level="INFO">${tax_amountvalue} = 10.0</msg>
<status status="PASS" starttime="20230210 15:51:58.859" endtime="20230210 15:51:58.862"/>
</kw>
<kw name="Log To Console" library="BuiltIn">
<arg>${tax_name}</arg>
<doc>Logs the given message to the console.</doc>
<status status="PASS" starttime="20230210 15:51:58.863" endtime="20230210 15:51:58.864"/>
</kw>
<kw name="Log To Console" library="BuiltIn">
<arg>${tax_id}</arg>
<doc>Logs the given message to the console.</doc>
<status status="PASS" starttime="20230210 15:51:58.865" endtime="20230210 15:51:58.866"/>
</kw>
<kw name="Create List" library="BuiltIn">
<var>@{Data_Check}</var>
<arg>${tax_name}</arg>
<arg>${tax_type}</arg>
<arg>${tax_category}</arg>
<doc>Returns a list containing given items.</doc>
<msg timestamp="20230210 15:51:58.867" level="INFO">@{Data_Check} = [ Tax_Automationtest | GST | Indian ]</msg>
<status status="PASS" starttime="20230210 15:51:58.866" endtime="20230210 15:51:58.867"/>
</kw>
<kw name="DB Search Tax" library="Tax">
<arg>${Data_Check}</arg>
<arg>tax</arg>
<arg>_id</arg>
<arg>${tax_id}</arg>
<arg>${tax_amountvalue}</arg>
<arg>${tax_amountunit}</arg>
<arg>${tax_rate}</arg>
<msg timestamp="20230210 15:51:58.869" level="INFO" html="true">Data to check ['catalog_agg_projection']</msg>
<msg timestamp="20230210 15:51:58.869" level="INFO">['Tax_Automationtest', 'GST', 'Indian']</msg>
<msg timestamp="20230210 15:52:01.805" level="INFO" html="true">Tax_Automationtest found for in catalog_agg_projection in DB</msg>
<msg timestamp="20230210 15:52:01.806" level="INFO" html="true">GST found for in catalog_agg_projection in DB</msg>
<msg timestamp="20230210 15:52:01.806" level="INFO" html="true">Indian found for in catalog_agg_projection in DB</msg>
<status status="PASS" starttime="20230210 15:51:58.868" endtime="20230210 15:52:01.807"/>
</kw>
<kw name="Update Tax" library="Tax">
<var>${update_response}</var>
<arg>${update_tax_json}</arg>
<arg>${tax_id}</arg>
<msg timestamp="20230210 15:52:01.808" level="INFO" html="true">About to Execute https://rel422.tmbmarble.com/catalog-management/v1/tax API</msg>
<msg timestamp="20230210 15:52:01.808" level="INFO" html="true">{"name": "Tax_Automationtestupdated", "taxAmount": {"unit": "inr", "value": 50}, "taxCategory": "Indian", "taxRate": 20, "taxType": "GST", "validFor": {"endDateTime": "2025-12-22T12:14:14.118Z", "startDateTime": "2025-12-22T12:14:14.118Z"}, "id": "tax_automationtest-tx_fd9ue4f"}</msg>
<msg timestamp="20230210 15:52:05.059" level="INFO" html="true">{"id":"tax_automationtest-tx_fd9ue4f","name":"Tax_Automationtestupdated","taxType":"GST","taxCategory":"Indian","definesExemption":false,"taxRate":20.0,"taxAmount":{"unit":"inr","value":50.0},"lastUpdate":"2023-02-10T10:22:12.927Z","lastUpdatedBy":"rel_admin","validFor":{"endDateTime":"2025-12-22T12:14:14.118Z","startDateTime":"2025-12-22T12:14:14.118Z"}}</msg>
<msg timestamp="20230210 15:52:05.060" level="INFO">${update_response} = &lt;Response [200]&gt;</msg>
<status status="PASS" starttime="20230210 15:52:01.807" endtime="20230210 15:52:05.060"/>
</kw>
<kw name="Log To Console" library="BuiltIn">
<arg>${update_response.text}</arg>
<doc>Logs the given message to the console.</doc>
<status status="PASS" starttime="20230210 15:52:05.060" endtime="20230210 15:52:05.064"/>
</kw>
<kw name="Should Be Equal" library="BuiltIn">
<arg>${update_response.status_code}</arg>
<arg>${200}</arg>
<doc>Fails if the given objects are unequal.</doc>
<status status="PASS" starttime="20230210 15:52:05.065" endtime="20230210 15:52:05.068"/>
</kw>
<kw name="Convert String to JSON" library="JSONLibrary">
<var>${update_response_body}</var>
<arg>${update_response.text}</arg>
<doc>Convert String to JSON object</doc>
<msg timestamp="20230210 15:52:05.071" level="INFO">${update_response_body} = {'id': 'tax_automationtest-tx_fd9ue4f', 'name': 'Tax_Automationtestupdated', 'taxType': 'GST', 'taxCategory': 'Indian', 'definesExemption': False, 'taxRate': 20.0, 'taxAmount': {'unit': 'inr', 'value'...</msg>
<status status="PASS" starttime="20230210 15:52:05.068" endtime="20230210 15:52:05.071"/>
</kw>
<kw name="Log To Console" library="BuiltIn">
<arg>${update_response_body}</arg>
<doc>Logs the given message to the console.</doc>
<status status="PASS" starttime="20230210 15:52:05.071" endtime="20230210 15:52:05.073"/>
</kw>
<kw name="Set Variable" library="BuiltIn">
<var>${utax_id}</var>
<arg>${update_response_body['id']}</arg>
<doc>Returns the given values which can then be assigned to a variables.</doc>
<msg timestamp="20230210 15:52:05.075" level="INFO">${utax_id} = tax_automationtest-tx_fd9ue4f</msg>
<status status="PASS" starttime="20230210 15:52:05.073" endtime="20230210 15:52:05.075"/>
</kw>
<kw name="Set Variable" library="BuiltIn">
<var>${utax_name}</var>
<arg>${update_response_body['name']}</arg>
<doc>Returns the given values which can then be assigned to a variables.</doc>
<msg timestamp="20230210 15:52:05.076" level="INFO">${utax_name} = Tax_Automationtestupdated</msg>
<status status="PASS" starttime="20230210 15:52:05.075" endtime="20230210 15:52:05.076"/>
</kw>
<kw name="Set Variable" library="BuiltIn">
<var>${utax_rate}</var>
<arg>${update_response_body['taxRate']}</arg>
<doc>Returns the given values which can then be assigned to a variables.</doc>
<msg timestamp="20230210 15:52:05.078" level="INFO">${utax_rate} = 20.0</msg>
<status status="PASS" starttime="20230210 15:52:05.077" endtime="20230210 15:52:05.079"/>
</kw>
<kw name="Set Variable" library="BuiltIn">
<var>${utax_type}</var>
<arg>${update_response_body['taxType']}</arg>
<doc>Returns the given values which can then be assigned to a variables.</doc>
<msg timestamp="20230210 15:52:05.080" level="INFO">${utax_type} = GST</msg>
<status status="PASS" starttime="20230210 15:52:05.079" endtime="20230210 15:52:05.080"/>
</kw>
<kw name="Set Variable" library="BuiltIn">
<var>${utax_category}</var>
<arg>${update_response_body['taxCategory']}</arg>
<doc>Returns the given values which can then be assigned to a variables.</doc>
<msg timestamp="20230210 15:52:05.082" level="INFO">${utax_category} = Indian</msg>
<status status="PASS" starttime="20230210 15:52:05.081" endtime="20230210 15:52:05.082"/>
</kw>
<kw name="Set Variable" library="BuiltIn">
<var>${utax_amountunit}</var>
<arg>${update_response_body['taxAmount']['unit']}</arg>
<doc>Returns the given values which can then be assigned to a variables.</doc>
<msg timestamp="20230210 15:52:05.084" level="INFO">${utax_amountunit} = inr</msg>
<status status="PASS" starttime="20230210 15:52:05.083" endtime="20230210 15:52:05.084"/>
</kw>
<kw name="Set Variable" library="BuiltIn">
<var>${utax_amountvalue}</var>
<arg>${update_response_body['taxAmount']['value']}</arg>
<doc>Returns the given values which can then be assigned to a variables.</doc>
<msg timestamp="20230210 15:52:05.085" level="INFO">${utax_amountvalue} = 50.0</msg>
<status status="PASS" starttime="20230210 15:52:05.084" endtime="20230210 15:52:05.085"/>
</kw>
<kw name="Log To Console" library="BuiltIn">
<arg>${utax_name}</arg>
<doc>Logs the given message to the console.</doc>
<status status="PASS" starttime="20230210 15:52:05.085" endtime="20230210 15:52:05.086"/>
</kw>
<kw name="Create List" library="BuiltIn">
<var>@{Data_Check}</var>
<arg>${utax_name}</arg>
<arg>${utax_type}</arg>
<arg>${utax_category}</arg>
<doc>Returns a list containing given items.</doc>
<msg timestamp="20230210 15:52:05.086" level="INFO">@{Data_Check} = [ Tax_Automationtestupdated | GST | Indian ]</msg>
<status status="PASS" starttime="20230210 15:52:05.086" endtime="20230210 15:52:05.086"/>
</kw>
<kw name="DB Search Tax" library="Tax">
<arg>${Data_Check}</arg>
<arg>tax</arg>
<arg>_id</arg>
<arg>${utax_id}</arg>
<arg>${utax_amountvalue}</arg>
<arg>${utax_amountunit}</arg>
<arg>${utax_rate}</arg>
<msg timestamp="20230210 15:52:05.087" level="INFO" html="true">Data to check ['catalog_agg_projection']</msg>
<msg timestamp="20230210 15:52:05.087" level="INFO">['Tax_Automationtestupdated', 'GST', 'Indian']</msg>
<msg timestamp="20230210 15:52:11.002" level="INFO" html="true">Tax_Automationtestupdated found for in catalog_agg_projection in DB</msg>
<msg timestamp="20230210 15:52:11.002" level="INFO" html="true">GST found for in catalog_agg_projection in DB</msg>
<msg timestamp="20230210 15:52:11.003" level="INFO" html="true">Indian found for in catalog_agg_projection in DB</msg>
<status status="PASS" starttime="20230210 15:52:05.087" endtime="20230210 15:52:11.003"/>
</kw>
<kw name="Log To Console" library="BuiltIn">
<arg>TAX Value before update is : "${tax_name}"and after update is "${utax_name}"</arg>
<doc>Logs the given message to the console.</doc>
<status status="PASS" starttime="20230210 15:52:11.003" endtime="20230210 15:52:11.005"/>
</kw>
<kw name="Should Not Be Equal" library="BuiltIn">
<arg>${tax_name}</arg>
<arg>${utax_name}</arg>
<doc>Fails if the given objects are equal.</doc>
<status status="PASS" starttime="20230210 15:52:11.005" endtime="20230210 15:52:11.008"/>
</kw>
<kw name="Get Tax By Id" library="Tax">
<var>${get_response}</var>
<arg>${tax_id}</arg>
<msg timestamp="20230210 15:52:11.009" level="INFO" html="true">About to Execute https://rel422.tmbmarble.com/catalog-management/v1/tax/tax_automationtest-tx_fd9ue4f API</msg>
<msg timestamp="20230210 15:52:13.945" level="INFO" html="true">{"id":"tax_automationtest-tx_fd9ue4f","name":"Tax_Automationtestupdated","taxType":"GST","taxCategory":"Indian","definesExemption":false,"taxRate":20.0,"taxAmount":{"unit":"inr","value":50.0},"createdOn":"2023-02-10T10:22:06.743Z","createdBy":"rel_admin","lastUpdate":"2023-02-10T10:22:12.927Z","lastUpdatedBy":"rel_admin","validFor":{"endDateTime":"2025-12-22T12:14:14.118Z","startDateTime":"2025-12-22T12:14:14.118Z"}}</msg>
<msg timestamp="20230210 15:52:13.945" level="INFO">${get_response} = &lt;Response [200]&gt;</msg>
<status status="PASS" starttime="20230210 15:52:11.008" endtime="20230210 15:52:13.946"/>
</kw>
<kw name="Should Be Equal" library="BuiltIn">
<arg>${get_response.status_code}</arg>
<arg>${200}</arg>
<doc>Fails if the given objects are unequal.</doc>
<status status="PASS" starttime="20230210 15:52:13.946" endtime="20230210 15:52:13.949"/>
</kw>
<kw name="Delete Tax by ID" library="Tax">
<var>${delete_tax}</var>
<arg>${tax_id}</arg>
<msg timestamp="20230210 15:52:13.951" level="INFO" html="true">About to Execute https://rel422.tmbmarble.com/catalog-management/v1/tax/tax_automationtest-tx_fd9ue4f API</msg>
<msg timestamp="20230210 15:52:21.402" level="INFO" html="true"/>
<msg timestamp="20230210 15:52:21.404" level="INFO">${delete_tax} = &lt;Response [204]&gt;</msg>
<status status="PASS" starttime="20230210 15:52:13.950" endtime="20230210 15:52:21.405"/>
</kw>
<kw name="Should Be Equal" library="BuiltIn">
<arg>${delete_tax.status_code}</arg>
<arg>${204}</arg>
<doc>Fails if the given objects are unequal.</doc>
<status status="PASS" starttime="20230210 15:52:21.407" endtime="20230210 15:52:21.415"/>
</kw>
<kw name="Log To Console" library="BuiltIn">
<arg>"Tax Deleted succesfully"</arg>
<doc>Logs the given message to the console.</doc>
<status status="PASS" starttime="20230210 15:52:21.416" endtime="20230210 15:52:21.417"/>
</kw>
<kw name="Get Tax By Id" library="Tax">
<var>${get_response}</var>
<arg>${tax_id}</arg>
<msg timestamp="20230210 15:52:21.419" level="INFO" html="true">About to Execute https://rel422.tmbmarble.com/catalog-management/v1/tax/tax_automationtest-tx_fd9ue4f API</msg>
<msg timestamp="20230210 15:52:25.182" level="INFO" html="true">{"code":"BMCAT_CA_40475","reason":"BMCAT_CA_40475","status":"404 NOT_FOUND","timestamp":"2023-02-10T10:22:33.116231441Z","message":"tax.id.not.found.BMCAT_CA_40475","errors":[{"pointer":"tax_automationtest-tx_fd9ue4f","detail":"tax.id.not.found.BMCAT_CA_40475","exception":"ProductOfferNotFoundException"}]}</msg>
<msg timestamp="20230210 15:52:25.183" level="INFO">${get_response} = &lt;Response [404]&gt;</msg>
<status status="PASS" starttime="20230210 15:52:21.418" endtime="20230210 15:52:25.183"/>
</kw>
<kw name="Should Be Equal" library="BuiltIn">
<arg>${get_response.status_code}</arg>
<arg>${404}</arg>
<doc>Fails if the given objects are unequal.</doc>
<status status="PASS" starttime="20230210 15:52:25.184" endtime="20230210 15:52:25.187"/>
</kw>
<status status="PASS" starttime="20230210 15:51:51.388" endtime="20230210 15:52:25.187"/>
</kw>
<status status="PASS" starttime="20230210 15:51:51.386" endtime="20230210 15:52:25.188"/>
</test>
<status status="PASS" starttime="20230210 15:51:24.760" endtime="20230210 15:52:25.191"/>
</suite>
<status status="PASS" starttime="20230210 15:51:24.713" endtime="20230210 15:52:25.194"/>
</suite>
<statistics>
<total>
<stat pass="1" fail="0" skip="0">All Tests</stat>
</total>
<tag>
</tag>
<suite>
<stat pass="1" fail="0" skip="0" id="s1" name="Suites">Suites</stat>
<stat pass="1" fail="0" skip="0" id="s1-s1" name="Tax">Suites.Tax</stat>
</suite>
</statistics>
<errors>
</errors>
</robot>
